#
# There is insufficient memory for the Java Runtime Environment to continue.
# Native memory allocation (malloc) failed to allocate 432016 bytes. Error detail: Chunk::new
# Possible reasons:
#   The system is out of physical RAM or swap space
#   This process is running with CompressedOops enabled, and the Java Heap may be blocking the growth of the native heap
# Possible solutions:
#   Reduce memory load on the system
#   Increase physical memory or swap space
#   Check if swap backing store is full
#   Decrease Java heap size (-Xmx/-Xms)
#
#  Out of Memory Error
#
# AMD Ryzen 5 5625U with Radeon Graphics         , 12 cores, 7G,  Windows 11 , 64 bit Build 26100 (10.0.26100.6725)
Time: Thu Oct 30 18:40:07 2025 India Standard Time elapsed time: 1167.491120 seconds (0d 0h 19m 27s)

---------------  T H R E A D  ---------------

Current thread (0x000002e1fd895290):  JavaThread "C2 CompilerThread0" daemon [_thread_in_native, id=21208, stack(0x000000e437500000,0x000000e437600000) (1024K)]


Current CompileTask:
C2:1167491 20775       4       org.gradle.internal.logging.text.AbstractLineChoppingStyledTextOutput::doAppend (43 bytes)

Stack: [0x000000e437500000,0x000000e437600000]
Native frames: (J=compiled Java code, j=interpreted, Vv=VM code, C=native code)
V  [jvm.dll+0x6d0639]
V  [jvm.dll+0x85eb03]
V  [jvm.dll+0x86105e]
V  [jvm.dll+0x861743]
V  [jvm.dll+0x27e6e6]
V  [jvm.dll+0xbff6d]
V  [jvm.dll+0xc04a3]
V  [jvm.dll+0x3b6171]
V  [jvm.dll+0x3820c7]
V  [jvm.dll+0x38153a]
V  [jvm.dll+0x247c82]
V  [jvm.dll+0x247251]
V  [jvm.dll+0x1c5f04]
V  [jvm.dll+0x2569ac]
V  [jvm.dll+0x254ef6]
V  [jvm.dll+0x3f0e96]
V  [jvm.dll+0x806ed8]
V  [jvm.dll+0x6cef0d]
C  [ucrtbase.dll+0x37b0]
C  [KERNEL32.DLL+0x2e8d7]
C  [ntdll.dll+0x8c53c]


---------------  P R O C E S S  ---------------

Threads class SMR info:
_java_thread_list=0x000002e1850dacd0, length=149, elements={
0x000002e1cd0fdd60, 0x000002e1fd86eb50, 0x000002e1fd8715b0, 0x000002e1fd88bea0,
0x000002e1fd88c8f0, 0x000002e1fd87a640, 0x000002e1fd87b090, 0x000002e1fd895290,
0x000002e1fd8bf0e0, 0x000002e1fd9b4030, 0x000002e1fdb98fd0, 0x000002e1843329c0,
0x000002e1844b8ad0, 0x000002e184493f60, 0x000002e1847da5c0, 0x000002e1847dac50,
0x000002e1847dc000, 0x000002e1847d9210, 0x000002e1847db970, 0x000002e1847d98a0,
0x000002e1857a8060, 0x000002e188c4a3a0, 0x000002e188c49680, 0x000002e188c47c40,
0x000002e188c4cb00, 0x000002e1873c06b0, 0x000002e18fdf4560, 0x000002e18717b3d0,
0x000002e18717c780, 0x000002e1857a31a0, 0x000002e1857a3830, 0x000002e1857a1df0,
0x000002e1857a79d0, 0x000002e1857a10d0, 0x000002e1857a5270, 0x000002e1857a5900,
0x000002e1857a2480, 0x000002e1857a5f90, 0x000002e1857a6620, 0x000002e1857a6cb0,
0x000002e1857a7340, 0x000002e18fdf3ed0, 0x000002e18fdf1e00, 0x000002e18fdf3840,
0x000002e18fdf2490, 0x000002e18fdf2b20, 0x000002e18fdf0a50, 0x000002e18fdf10e0,
0x000002e18fdf4bf0, 0x000002e18fdf1770, 0x000002e18fdf5fa0, 0x000002e18fdf5280,
0x000002e18fdf5910, 0x000002e18fdf6630, 0x000002e18fdf31b0, 0x000002e18fdf8700,
0x000002e18fdf7350, 0x000002e18fdf8d90, 0x000002e18fdf9420, 0x000002e18fdf8070,
0x000002e18fdfa7d0, 0x000002e18fdfae60, 0x000002e18fdfb4f0, 0x000002e18fdfa140,
0x000002e18fdfc210, 0x000002e18fdf9ab0, 0x000002e18fdfe2e0, 0x000002e18fdfe970,
0x000002e18fdff000, 0x000002e18fdff690, 0x000002e18fdfcf30, 0x000002e18fdfc8a0,
0x000002e18fdffd20, 0x000002e18fdfd5c0, 0x000002e18ef77360, 0x000002e18ef79ac0,
0x000002e18ef779f0, 0x000002e18ef78da0, 0x000002e18ef7a150, 0x000002e18ef76cd0,
0x000002e18ef7c8b0, 0x000002e18ef7ae70, 0x000002e18ef7b500, 0x000002e18ef7cf40,
0x000002e18ef7dc60, 0x000002e18ef7d5d0, 0x000002e18ef7a7e0, 0x000002e18ef803c0,
0x000002e18ef81770, 0x000002e18ef810e0, 0x000002e18ef7e980, 0x000002e18ef7f010,
0x000002e18ef7e2f0, 0x000002e18ef85910, 0x000002e18ef82b20, 0x000002e18ef85280,
0x000002e18ef82490, 0x000002e18ef831b0, 0x000002e18ef84560, 0x000002e18ef83840,
0x000002e18ef83ed0, 0x000002e18ef84bf0, 0x000002e185ccb420, 0x000002e185ccdb80,
0x000002e185ccc140, 0x000002e185ccce60, 0x000002e185ccc7d0, 0x000002e185ccad90,
0x000002e185cce8a0, 0x000002e185ccd4f0, 0x000002e185ccbab0, 0x000002e185ccfc50,
0x000002e185ccf5c0, 0x000002e185cd02e0, 0x000002e185cd1690, 0x000002e185cd0970,
0x000002e185cd1000, 0x000002e185cd1d20, 0x000002e184e65f50, 0x000002e184e64ba0,
0x000002e184e67300, 0x000002e184e63e80, 0x000002e184e67990, 0x000002e184e665e0,
0x000002e184e64510, 0x000002e184e686b0, 0x000002e184e68020, 0x000002e184e65230,
0x000002e184e6a0f0, 0x000002e184e6a780, 0x000002e184e68d40, 0x000002e184e6ae10,
0x000002e184e6b4a0, 0x000002e184e693d0, 0x000002e184e69a60, 0x000002e18717c0f0,
0x000002e18717a6b0, 0x000002e187178c70, 0x000002e18717ad40, 0x000002e187179300,
0x000002e18717ce10, 0x000002e187179990, 0x000002e18717eee0, 0x000002e18717f570,
0x000002e187180290, 0x000002e18717d4a0, 0x000002e18717fc00, 0x000002e18717db30,
0x000002e18717e1c0
}

Java Threads: ( => current thread )
  0x000002e1cd0fdd60 JavaThread "main"                              [_thread_blocked, id=23416, stack(0x000000e436700000,0x000000e436800000) (1024K)]
  0x000002e1fd86eb50 JavaThread "Reference Handler"          daemon [_thread_blocked, id=2248, stack(0x000000e436f00000,0x000000e437000000) (1024K)]
  0x000002e1fd8715b0 JavaThread "Finalizer"                  daemon [_thread_blocked, id=3516, stack(0x000000e437000000,0x000000e437100000) (1024K)]
  0x000002e1fd88bea0 JavaThread "Signal Dispatcher"          daemon [_thread_blocked, id=18200, stack(0x000000e437100000,0x000000e437200000) (1024K)]
  0x000002e1fd88c8f0 JavaThread "Attach Listener"            daemon [_thread_blocked, id=12676, stack(0x000000e437200000,0x000000e437300000) (1024K)]
  0x000002e1fd87a640 JavaThread "Service Thread"             daemon [_thread_blocked, id=2284, stack(0x000000e437300000,0x000000e437400000) (1024K)]
  0x000002e1fd87b090 JavaThread "Monitor Deflation Thread"   daemon [_thread_blocked, id=23524, stack(0x000000e437400000,0x000000e437500000) (1024K)]
=>0x000002e1fd895290 JavaThread "C2 CompilerThread0"         daemon [_thread_in_native, id=21208, stack(0x000000e437500000,0x000000e437600000) (1024K)]
  0x000002e1fd8bf0e0 JavaThread "C1 CompilerThread0"         daemon [_thread_blocked, id=14012, stack(0x000000e437600000,0x000000e437700000) (1024K)]
  0x000002e1fd9b4030 JavaThread "Common-Cleaner"             daemon [_thread_blocked, id=12580, stack(0x000000e437700000,0x000000e437800000) (1024K)]
  0x000002e1fdb98fd0 JavaThread "Notification Thread"        daemon [_thread_blocked, id=20828, stack(0x000000e437800000,0x000000e437900000) (1024K)]
  0x000002e1843329c0 JavaThread "Daemon health stats"               [_thread_blocked, id=15464, stack(0x000000e438200000,0x000000e438300000) (1024K)]
  0x000002e1844b8ad0 JavaThread "Incoming local TCP Connector on port 60472"        [_thread_in_native, id=19028, stack(0x000000e438300000,0x000000e438400000) (1024K)]
  0x000002e184493f60 JavaThread "Daemon periodic checks"            [_thread_blocked, id=25252, stack(0x000000e438400000,0x000000e438500000) (1024K)]
  0x000002e1847da5c0 JavaThread "Cache worker for journal cache (C:\Users\DELL\.gradle\caches\journal-1)"        [_thread_blocked, id=2312, stack(0x000000e438f00000,0x000000e439000000) (1024K)]
  0x000002e1847dac50 JavaThread "File lock request listener"        [_thread_in_native, id=3856, stack(0x000000e439000000,0x000000e439100000) (1024K)]
  0x000002e1847dc000 JavaThread "Cache worker for file hash cache (C:\Users\DELL\.gradle\caches\8.10.2\fileHashes)"        [_thread_blocked, id=15676, stack(0x000000e439100000,0x000000e439200000) (1024K)]
  0x000002e1847d9210 JavaThread "File watcher server"        daemon [_thread_in_native, id=14476, stack(0x000000e439400000,0x000000e439500000) (1024K)]
  0x000002e1847db970 JavaThread "File watcher consumer"      daemon [_thread_blocked, id=25564, stack(0x000000e439500000,0x000000e439600000) (1024K)]
  0x000002e1847d98a0 JavaThread "Cache worker for file content cache (C:\Users\DELL\.gradle\caches\8.10.2\fileContent)"        [_thread_blocked, id=23800, stack(0x000000e439700000,0x000000e439800000) (1024K)]
  0x000002e1857a8060 JavaThread "Memory manager"                    [_thread_blocked, id=644, stack(0x000000e43bc00000,0x000000e43bd00000) (1024K)]
  0x000002e188c4a3a0 JavaThread "jar transforms"                    [_thread_blocked, id=7516, stack(0x000000e440e00000,0x000000e440f00000) (1024K)]
  0x000002e188c49680 JavaThread "jar transforms Thread 2"           [_thread_blocked, id=16744, stack(0x000000e440f00000,0x000000e441000000) (1024K)]
  0x000002e188c47c40 JavaThread "jar transforms Thread 3"           [_thread_blocked, id=8508, stack(0x000000e43bd00000,0x000000e43be00000) (1024K)]
  0x000002e188c4cb00 JavaThread "jar transforms Thread 4"           [_thread_blocked, id=19336, stack(0x000000e441000000,0x000000e441100000) (1024K)]
  0x000002e1873c06b0 JavaThread "pool-3-thread-1"                   [_thread_blocked, id=17676, stack(0x000000e442600000,0x000000e442700000) (1024K)]
  0x000002e18fdf4560 JavaThread "pool-7-thread-1"                   [_thread_blocked, id=19008, stack(0x000000e440300000,0x000000e440400000) (1024K)]
  0x000002e18717b3d0 JavaThread "Daemon Thread 3"                   [_thread_blocked, id=20148, stack(0x000000e436400000,0x000000e436500000) (1024K)]
  0x000002e18717c780 JavaThread "Daemon worker Thread 3"            [_thread_blocked, id=19052, stack(0x000000e437d00000,0x000000e437e00000) (1024K)]
  0x000002e1857a31a0 JavaThread "pool-10-thread-1"                  [_thread_blocked, id=23236, stack(0x000000e440000000,0x000000e440100000) (1024K)]
  0x000002e1857a3830 JavaThread "Exec process Thread 7"             [_thread_in_native, id=20984, stack(0x000000e43f400000,0x000000e43f500000) (1024K)]
  0x000002e1857a1df0 JavaThread "Exec process Thread 8"             [_thread_in_native, id=15012, stack(0x000000e440400000,0x000000e440500000) (1024K)]
  0x000002e1857a79d0 JavaThread "Exec process Thread 9"             [_thread_in_native, id=1252, stack(0x000000e440500000,0x000000e440600000) (1024K)]
  0x000002e1857a10d0 JavaThread "Handler for socket connection from /127.0.0.1:60472 to /127.0.0.1:51995"        [_thread_in_native, id=5284, stack(0x000000e436500000,0x000000e436600000) (1024K)]
  0x000002e1857a5270 JavaThread "Cancel handler"                    [_thread_blocked, id=20652, stack(0x000000e436600000,0x000000e436700000) (1024K)]
  0x000002e1857a5900 JavaThread "Asynchronous log dispatcher for DefaultDaemonConnection: socket connection from /127.0.0.1:60472 to /127.0.0.1:51995"        [_thread_blocked, id=13724, stack(0x000000e438600000,0x000000e438700000) (1024K)]
  0x000002e1857a2480 JavaThread "Stdin handler"                     [_thread_blocked, id=16480, stack(0x000000e438700000,0x000000e438800000) (1024K)]
  0x000002e1857a5f90 JavaThread "Daemon client event forwarder"        [_thread_blocked, id=14428, stack(0x000000e438800000,0x000000e438900000) (1024K)]
  0x000002e1857a6620 JavaThread "Cache worker for file hash cache (C:\Users\DELL\Desktop\Flutter projects\YatraSathi\Frontend\android\.gradle\8.10.2\fileHashes)"        [_thread_blocked, id=12848, stack(0x000000e438900000,0x000000e438a00000) (1024K)]
  0x000002e1857a6cb0 JavaThread "Cache worker for Build Output Cleanup Cache (C:\Users\DELL\Desktop\Flutter projects\YatraSathi\Frontend\android\.gradle\buildOutputCleanup)"        [_thread_blocked, id=17484, stack(0x000000e438b00000,0x000000e438c00000) (1024K)]
  0x000002e1857a7340 JavaThread "Cache worker for checksums cache (C:\Users\DELL\Desktop\Flutter projects\YatraSathi\Frontend\android\.gradle\8.10.2\checksums)"        [_thread_blocked, id=8488, stack(0x000000e439200000,0x000000e439300000) (1024K)]
  0x000002e18fdf3ed0 JavaThread "Cache worker for cache directory md-rule (C:\Users\DELL\.gradle\caches\8.10.2\md-rule)"        [_thread_blocked, id=10464, stack(0x000000e439300000,0x000000e439400000) (1024K)]
  0x000002e18fdf1e00 JavaThread "Cache worker for cache directory md-supplier (C:\Users\DELL\.gradle\caches\8.10.2\md-supplier)"        [_thread_blocked, id=18672, stack(0x000000e439600000,0x000000e439700000) (1024K)]
  0x000002e18fdf3840 JavaThread "Cache worker for Build Output Cleanup Cache (C:\Users\DELL\Downloads\flutter_windows_3.29.3-stable\flutter\packages\flutter_tools\gradle\.gradle\buildOutputCleanup)"        [_thread_blocked, id=13844, stack(0x000000e439800000,0x000000e439900000) (1024K)]
  0x000002e18fdf2490 JavaThread "Unconstrained build operations"        [_thread_blocked, id=25536, stack(0x000000e438a00000,0x000000e438b00000) (1024K)]
  0x000002e18fdf2b20 JavaThread "Unconstrained build operations Thread 2"        [_thread_blocked, id=24452, stack(0x000000e439900000,0x000000e439a00000) (1024K)]
  0x000002e18fdf0a50 JavaThread "Unconstrained build operations Thread 3"        [_thread_blocked, id=22112, stack(0x000000e439a00000,0x000000e439b00000) (1024K)]
  0x000002e18fdf10e0 JavaThread "Unconstrained build operations Thread 4"        [_thread_blocked, id=13016, stack(0x000000e439b00000,0x000000e439c00000) (1024K)]
  0x000002e18fdf4bf0 JavaThread "Unconstrained build operations Thread 5"        [_thread_blocked, id=20472, stack(0x000000e439c00000,0x000000e439d00000) (1024K)]
  0x000002e18fdf1770 JavaThread "Unconstrained build operations Thread 6"        [_thread_blocked, id=23648, stack(0x000000e439d00000,0x000000e439e00000) (1024K)]
  0x000002e18fdf5fa0 JavaThread "Unconstrained build operations Thread 7"        [_thread_blocked, id=21284, stack(0x000000e439e00000,0x000000e439f00000) (1024K)]
  0x000002e18fdf5280 JavaThread "Unconstrained build operations Thread 8"        [_thread_blocked, id=17116, stack(0x000000e439f00000,0x000000e43a000000) (1024K)]
  0x000002e18fdf5910 JavaThread "Unconstrained build operations Thread 9"        [_thread_blocked, id=10220, stack(0x000000e43a000000,0x000000e43a100000) (1024K)]
  0x000002e18fdf6630 JavaThread "Unconstrained build operations Thread 10"        [_thread_blocked, id=25352, stack(0x000000e43a100000,0x000000e43a200000) (1024K)]
  0x000002e18fdf31b0 JavaThread "Unconstrained build operations Thread 11"        [_thread_blocked, id=16704, stack(0x000000e43a200000,0x000000e43a300000) (1024K)]
  0x000002e18fdf8700 JavaThread "Unconstrained build operations Thread 12"        [_thread_blocked, id=192, stack(0x000000e43a300000,0x000000e43a400000) (1024K)]
  0x000002e18fdf7350 JavaThread "Unconstrained build operations Thread 13"        [_thread_blocked, id=18636, stack(0x000000e43a400000,0x000000e43a500000) (1024K)]
  0x000002e18fdf8d90 JavaThread "Unconstrained build operations Thread 14"        [_thread_blocked, id=9288, stack(0x000000e43a500000,0x000000e43a600000) (1024K)]
  0x000002e18fdf9420 JavaThread "Unconstrained build operations Thread 15"        [_thread_blocked, id=5220, stack(0x000000e43a600000,0x000000e43a700000) (1024K)]
  0x000002e18fdf8070 JavaThread "Unconstrained build operations Thread 16"        [_thread_blocked, id=10288, stack(0x000000e43a700000,0x000000e43a800000) (1024K)]
  0x000002e18fdfa7d0 JavaThread "Unconstrained build operations Thread 17"        [_thread_blocked, id=25348, stack(0x000000e43a800000,0x000000e43a900000) (1024K)]
  0x000002e18fdfae60 JavaThread "Unconstrained build operations Thread 18"        [_thread_blocked, id=13740, stack(0x000000e43a900000,0x000000e43aa00000) (1024K)]
  0x000002e18fdfb4f0 JavaThread "Unconstrained build operations Thread 19"        [_thread_blocked, id=11376, stack(0x000000e43aa00000,0x000000e43ab00000) (1024K)]
  0x000002e18fdfa140 JavaThread "Unconstrained build operations Thread 20"        [_thread_blocked, id=15768, stack(0x000000e43ab00000,0x000000e43ac00000) (1024K)]
  0x000002e18fdfc210 JavaThread "Unconstrained build operations Thread 21"        [_thread_blocked, id=19260, stack(0x000000e43ac00000,0x000000e43ad00000) (1024K)]
  0x000002e18fdf9ab0 JavaThread "Unconstrained build operations Thread 22"        [_thread_blocked, id=16452, stack(0x000000e43ad00000,0x000000e43ae00000) (1024K)]
  0x000002e18fdfe2e0 JavaThread "build event listener"              [_thread_blocked, id=23904, stack(0x000000e43b000000,0x000000e43b100000) (1024K)]
  0x000002e18fdfe970 JavaThread "included builds"                   [_thread_blocked, id=18916, stack(0x000000e43b100000,0x000000e43b200000) (1024K)]
  0x000002e18fdff000 JavaThread "Execution worker"                  [_thread_blocked, id=16908, stack(0x000000e43b200000,0x000000e43b300000) (1024K)]
  0x000002e18fdff690 JavaThread "Execution worker Thread 2"         [_thread_blocked, id=3468, stack(0x000000e43b300000,0x000000e43b400000) (1024K)]
  0x000002e18fdfcf30 JavaThread "Execution worker Thread 3"         [_thread_blocked, id=15316, stack(0x000000e43b400000,0x000000e43b500000) (1024K)]
  0x000002e18fdfc8a0 JavaThread "Execution worker Thread 4"         [_thread_blocked, id=10128, stack(0x000000e43b500000,0x000000e43b600000) (1024K)]
  0x000002e18fdffd20 JavaThread "Execution worker Thread 5"         [_thread_blocked, id=16932, stack(0x000000e43b600000,0x000000e43b700000) (1024K)]
  0x000002e18fdfd5c0 JavaThread "Execution worker Thread 6"         [_thread_blocked, id=7296, stack(0x000000e43b700000,0x000000e43b800000) (1024K)]
  0x000002e18ef77360 JavaThread "Execution worker Thread 7"         [_thread_blocked, id=25964, stack(0x000000e43b800000,0x000000e43b900000) (1024K)]
  0x000002e18ef79ac0 JavaThread "Execution worker Thread 8"         [_thread_blocked, id=13148, stack(0x000000e43b900000,0x000000e43ba00000) (1024K)]
  0x000002e18ef779f0 JavaThread "Execution worker Thread 9"         [_thread_blocked, id=9076, stack(0x000000e43ba00000,0x000000e43bb00000) (1024K)]
  0x000002e18ef78da0 JavaThread "Execution worker Thread 10"        [_thread_blocked, id=1612, stack(0x000000e43bb00000,0x000000e43bc00000) (1024K)]
  0x000002e18ef7a150 JavaThread "Execution worker Thread 11"        [_thread_blocked, id=22244, stack(0x000000e43be00000,0x000000e43bf00000) (1024K)]
  0x000002e18ef76cd0 JavaThread "Cache worker for execution history cache (C:\Users\DELL\Downloads\flutter_windows_3.29.3-stable\flutter\packages\flutter_tools\gradle\.gradle\8.10.2\executionHistory)"        [_thread_blocked, id=25848, stack(0x000000e43bf00000,0x000000e43c000000) (1024K)]
  0x000002e18ef7c8b0 JavaThread "Unconstrained build operations Thread 23"        [_thread_blocked, id=6564, stack(0x000000e43c000000,0x000000e43c100000) (1024K)]
  0x000002e18ef7ae70 JavaThread "Unconstrained build operations Thread 24"        [_thread_blocked, id=25840, stack(0x000000e43c100000,0x000000e43c200000) (1024K)]
  0x000002e18ef7b500 JavaThread "Unconstrained build operations Thread 25"        [_thread_blocked, id=22656, stack(0x000000e43c200000,0x000000e43c300000) (1024K)]
  0x000002e18ef7cf40 JavaThread "Unconstrained build operations Thread 26"        [_thread_blocked, id=22784, stack(0x000000e43c300000,0x000000e43c400000) (1024K)]
  0x000002e18ef7dc60 JavaThread "Unconstrained build operations Thread 27"        [_thread_blocked, id=2012, stack(0x000000e43c400000,0x000000e43c500000) (1024K)]
  0x000002e18ef7d5d0 JavaThread "Unconstrained build operations Thread 28"        [_thread_blocked, id=3692, stack(0x000000e43c500000,0x000000e43c600000) (1024K)]
  0x000002e18ef7a7e0 JavaThread "Unconstrained build operations Thread 29"        [_thread_blocked, id=26424, stack(0x000000e43c600000,0x000000e43c700000) (1024K)]
  0x000002e18ef803c0 JavaThread "Unconstrained build operations Thread 30"        [_thread_blocked, id=24920, stack(0x000000e43c700000,0x000000e43c800000) (1024K)]
  0x000002e18ef81770 JavaThread "Unconstrained build operations Thread 31"        [_thread_blocked, id=3480, stack(0x000000e43c800000,0x000000e43c900000) (1024K)]
  0x000002e18ef810e0 JavaThread "Unconstrained build operations Thread 32"        [_thread_blocked, id=8528, stack(0x000000e43c900000,0x000000e43ca00000) (1024K)]
  0x000002e18ef7e980 JavaThread "Unconstrained build operations Thread 33"        [_thread_blocked, id=21000, stack(0x000000e43ca00000,0x000000e43cb00000) (1024K)]
  0x000002e18ef7f010 JavaThread "Unconstrained build operations Thread 34"        [_thread_blocked, id=21536, stack(0x000000e43cb00000,0x000000e43cc00000) (1024K)]
  0x000002e18ef7e2f0 JavaThread "Unconstrained build operations Thread 35"        [_thread_blocked, id=24200, stack(0x000000e43cc00000,0x000000e43cd00000) (1024K)]
  0x000002e18ef85910 JavaThread "Unconstrained build operations Thread 36"        [_thread_blocked, id=7988, stack(0x000000e43cd00000,0x000000e43ce00000) (1024K)]
  0x000002e18ef82b20 JavaThread "Unconstrained build operations Thread 37"        [_thread_blocked, id=1012, stack(0x000000e43ce00000,0x000000e43cf00000) (1024K)]
  0x000002e18ef85280 JavaThread "Unconstrained build operations Thread 38"        [_thread_blocked, id=20524, stack(0x000000e43cf00000,0x000000e43d000000) (1024K)]
  0x000002e18ef82490 JavaThread "Unconstrained build operations Thread 39"        [_thread_blocked, id=22016, stack(0x000000e43d000000,0x000000e43d100000) (1024K)]
  0x000002e18ef831b0 JavaThread "Unconstrained build operations Thread 40"        [_thread_blocked, id=25044, stack(0x000000e43d100000,0x000000e43d200000) (1024K)]
  0x000002e18ef84560 JavaThread "Unconstrained build operations Thread 41"        [_thread_blocked, id=16016, stack(0x000000e43d200000,0x000000e43d300000) (1024K)]
  0x000002e18ef83840 JavaThread "Unconstrained build operations Thread 42"        [_thread_blocked, id=3008, stack(0x000000e43d300000,0x000000e43d400000) (1024K)]
  0x000002e18ef83ed0 JavaThread "Unconstrained build operations Thread 43"        [_thread_blocked, id=9800, stack(0x000000e43d400000,0x000000e43d500000) (1024K)]
  0x000002e18ef84bf0 JavaThread "Unconstrained build operations Thread 44"        [_thread_blocked, id=2728, stack(0x000000e43d500000,0x000000e43d600000) (1024K)]
  0x000002e185ccb420 JavaThread "Unconstrained build operations Thread 45"        [_thread_blocked, id=22000, stack(0x000000e43d600000,0x000000e43d700000) (1024K)]
  0x000002e185ccdb80 JavaThread "Unconstrained build operations Thread 46"        [_thread_blocked, id=10044, stack(0x000000e43d700000,0x000000e43d800000) (1024K)]
  0x000002e185ccc140 JavaThread "Unconstrained build operations Thread 47"        [_thread_blocked, id=2520, stack(0x000000e43d800000,0x000000e43d900000) (1024K)]
  0x000002e185ccce60 JavaThread "Unconstrained build operations Thread 48"        [_thread_blocked, id=20608, stack(0x000000e43d900000,0x000000e43da00000) (1024K)]
  0x000002e185ccc7d0 JavaThread "Unconstrained build operations Thread 49"        [_thread_blocked, id=14144, stack(0x000000e43da00000,0x000000e43db00000) (1024K)]
  0x000002e185ccad90 JavaThread "Unconstrained build operations Thread 50"        [_thread_blocked, id=18140, stack(0x000000e43db00000,0x000000e43dc00000) (1024K)]
  0x000002e185cce8a0 JavaThread "Unconstrained build operations Thread 51"        [_thread_blocked, id=22192, stack(0x000000e43dc00000,0x000000e43dd00000) (1024K)]
  0x000002e185ccd4f0 JavaThread "Unconstrained build operations Thread 52"        [_thread_blocked, id=5060, stack(0x000000e43dd00000,0x000000e43de00000) (1024K)]
  0x000002e185ccbab0 JavaThread "Unconstrained build operations Thread 53"        [_thread_blocked, id=17088, stack(0x000000e43de00000,0x000000e43df00000) (1024K)]
  0x000002e185ccfc50 JavaThread "Unconstrained build operations Thread 54"        [_thread_blocked, id=10904, stack(0x000000e43df00000,0x000000e43e000000) (1024K)]
  0x000002e185ccf5c0 JavaThread "Unconstrained build operations Thread 55"        [_thread_blocked, id=18668, stack(0x000000e43e000000,0x000000e43e100000) (1024K)]
  0x000002e185cd02e0 JavaThread "Unconstrained build operations Thread 56"        [_thread_blocked, id=24484, stack(0x000000e43e100000,0x000000e43e200000) (1024K)]
  0x000002e185cd1690 JavaThread "Unconstrained build operations Thread 57"        [_thread_blocked, id=16272, stack(0x000000e43e200000,0x000000e43e300000) (1024K)]
  0x000002e185cd0970 JavaThread "Unconstrained build operations Thread 58"        [_thread_blocked, id=12336, stack(0x000000e43e300000,0x000000e43e400000) (1024K)]
  0x000002e185cd1000 JavaThread "Unconstrained build operations Thread 59"        [_thread_blocked, id=5408, stack(0x000000e43e400000,0x000000e43e500000) (1024K)]
  0x000002e185cd1d20 JavaThread "Unconstrained build operations Thread 60"        [_thread_blocked, id=26336, stack(0x000000e43e500000,0x000000e43e600000) (1024K)]
  0x000002e184e65f50 JavaThread "Unconstrained build operations Thread 61"        [_thread_blocked, id=13616, stack(0x000000e43e600000,0x000000e43e700000) (1024K)]
  0x000002e184e64ba0 JavaThread "Unconstrained build operations Thread 62"        [_thread_blocked, id=12012, stack(0x000000e43e700000,0x000000e43e800000) (1024K)]
  0x000002e184e67300 JavaThread "Unconstrained build operations Thread 63"        [_thread_blocked, id=21324, stack(0x000000e43e800000,0x000000e43e900000) (1024K)]
  0x000002e184e63e80 JavaThread "Unconstrained build operations Thread 64"        [_thread_blocked, id=18252, stack(0x000000e43e900000,0x000000e43ea00000) (1024K)]
  0x000002e184e67990 JavaThread "Unconstrained build operations Thread 65"        [_thread_blocked, id=3244, stack(0x000000e43ea00000,0x000000e43eb00000) (1024K)]
  0x000002e184e665e0 JavaThread "Unconstrained build operations Thread 66"        [_thread_blocked, id=22720, stack(0x000000e43eb00000,0x000000e43ec00000) (1024K)]
  0x000002e184e64510 JavaThread "Unconstrained build operations Thread 67"        [_thread_blocked, id=11340, stack(0x000000e43ed00000,0x000000e43ee00000) (1024K)]
  0x000002e184e686b0 JavaThread "Unconstrained build operations Thread 68"        [_thread_blocked, id=18492, stack(0x000000e43ee00000,0x000000e43ef00000) (1024K)]
  0x000002e184e68020 JavaThread "Unconstrained build operations Thread 69"        [_thread_blocked, id=10428, stack(0x000000e43ef00000,0x000000e43f000000) (1024K)]
  0x000002e184e65230 JavaThread "Unconstrained build operations Thread 70"        [_thread_blocked, id=20584, stack(0x000000e43f000000,0x000000e43f100000) (1024K)]
  0x000002e184e6a0f0 JavaThread "Unconstrained build operations Thread 71"        [_thread_blocked, id=26460, stack(0x000000e43f100000,0x000000e43f200000) (1024K)]
  0x000002e184e6a780 JavaThread "Unconstrained build operations Thread 72"        [_thread_blocked, id=9984, stack(0x000000e43f200000,0x000000e43f300000) (1024K)]
  0x000002e184e68d40 JavaThread "Unconstrained build operations Thread 73"        [_thread_blocked, id=14296, stack(0x000000e43f300000,0x000000e43f400000) (1024K)]
  0x000002e184e6ae10 JavaThread "Unconstrained build operations Thread 74"        [_thread_blocked, id=26008, stack(0x000000e43f500000,0x000000e43f600000) (1024K)]
  0x000002e184e6b4a0 JavaThread "Unconstrained build operations Thread 75"        [_thread_blocked, id=656, stack(0x000000e43f600000,0x000000e43f700000) (1024K)]
  0x000002e184e693d0 JavaThread "Unconstrained build operations Thread 76"        [_thread_blocked, id=16944, stack(0x000000e43f700000,0x000000e43f800000) (1024K)]
  0x000002e184e69a60 JavaThread "Unconstrained build operations Thread 77"        [_thread_blocked, id=20632, stack(0x000000e43f800000,0x000000e43f900000) (1024K)]
  0x000002e18717c0f0 JavaThread "Unconstrained build operations Thread 78"        [_thread_blocked, id=2856, stack(0x000000e43f900000,0x000000e43fa00000) (1024K)]
  0x000002e18717a6b0 JavaThread "Unconstrained build operations Thread 79"        [_thread_blocked, id=18812, stack(0x000000e43fa00000,0x000000e43fb00000) (1024K)]
  0x000002e187178c70 JavaThread "Unconstrained build operations Thread 80"        [_thread_blocked, id=25220, stack(0x000000e43fb00000,0x000000e43fc00000) (1024K)]
  0x000002e18717ad40 JavaThread "Unconstrained build operations Thread 81"        [_thread_blocked, id=22744, stack(0x000000e43fc00000,0x000000e43fd00000) (1024K)]
  0x000002e187179300 JavaThread "Unconstrained build operations Thread 82"        [_thread_blocked, id=17364, stack(0x000000e43fd00000,0x000000e43fe00000) (1024K)]
  0x000002e18717ce10 JavaThread "Unconstrained build operations Thread 83"        [_thread_blocked, id=26056, stack(0x000000e43fe00000,0x000000e43ff00000) (1024K)]
  0x000002e187179990 JavaThread "Unconstrained build operations Thread 84"        [_thread_blocked, id=2280, stack(0x000000e43ff00000,0x000000e440000000) (1024K)]
  0x000002e18717eee0 JavaThread "Unconstrained build operations Thread 85"        [_thread_blocked, id=15152, stack(0x000000e440100000,0x000000e440200000) (1024K)]
  0x000002e18717f570 JavaThread "Unconstrained build operations Thread 86"        [_thread_blocked, id=20796, stack(0x000000e440200000,0x000000e440300000) (1024K)]
  0x000002e187180290 JavaThread "Unconstrained build operations Thread 87"        [_thread_blocked, id=14468, stack(0x000000e440600000,0x000000e440700000) (1024K)]
  0x000002e18717d4a0 JavaThread "Unconstrained build operations Thread 88"        [_thread_blocked, id=11916, stack(0x000000e440700000,0x000000e440800000) (1024K)]
  0x000002e18717fc00 JavaThread "pool-13-thread-1"                  [_thread_blocked, id=2068, stack(0x000000e440800000,0x000000e440900000) (1024K)]
  0x000002e18717db30 JavaThread "build event listener"              [_thread_blocked, id=10724, stack(0x000000e440900000,0x000000e440a00000) (1024K)]
  0x000002e18717e1c0 JavaThread "Cache worker for execution history cache (C:\Users\DELL\Desktop\Flutter projects\YatraSathi\Frontend\android\.gradle\8.10.2\executionHistory)"        [_thread_blocked, id=16804, stack(0x000000e440a00000,0x000000e440b00000) (1024K)]
Total: 149

Other Threads:
  0x000002e1fd7dca40 VMThread "VM Thread"                           [id=15204, stack(0x000000e436e00000,0x000000e436f00000) (1024K)]
  0x000002e1fccad590 WatcherThread "VM Periodic Task Thread"        [id=16060, stack(0x000000e436d00000,0x000000e436e00000) (1024K)]
  0x000002e1cd1a7250 WorkerThread "GC Thread#0"                     [id=9832, stack(0x000000e436800000,0x000000e436900000) (1024K)]
  0x000002e1fde3ac90 WorkerThread "GC Thread#1"                     [id=4284, stack(0x000000e437b00000,0x000000e437c00000) (1024K)]
  0x000002e1fdf02a80 WorkerThread "GC Thread#2"                     [id=19248, stack(0x000000e437c00000,0x000000e437d00000) (1024K)]
  0x000002e1fdd324c0 WorkerThread "GC Thread#3"                     [id=24340, stack(0x000000e437900000,0x000000e437a00000) (1024K)]
  0x000002e1fedae670 WorkerThread "GC Thread#4"                     [id=24080, stack(0x000000e437a00000,0x000000e437b00000) (1024K)]
  0x000002e1843af390 WorkerThread "GC Thread#5"                     [id=3376, stack(0x000000e437e00000,0x000000e437f00000) (1024K)]
  0x000002e1843af730 WorkerThread "GC Thread#6"                     [id=3984, stack(0x000000e437f00000,0x000000e438000000) (1024K)]
  0x000002e1843690e0 WorkerThread "GC Thread#7"                     [id=11152, stack(0x000000e438000000,0x000000e438100000) (1024K)]
  0x000002e184367b20 WorkerThread "GC Thread#8"                     [id=25996, stack(0x000000e438100000,0x000000e438200000) (1024K)]
  0x000002e184369480 WorkerThread "GC Thread#9"                     [id=3704, stack(0x000000e438c00000,0x000000e438d00000) (1024K)]
  0x000002e1cd1b8140 ConcurrentGCThread "G1 Main Marker"            [id=19624, stack(0x000000e436900000,0x000000e436a00000) (1024K)]
  0x000002e1cd1b9990 WorkerThread "G1 Conc#0"                       [id=4872, stack(0x000000e436a00000,0x000000e436b00000) (1024K)]
  0x000002e184368260 WorkerThread "G1 Conc#1"                       [id=12396, stack(0x000000e438d00000,0x000000e438e00000) (1024K)]
  0x000002e184367ec0 WorkerThread "G1 Conc#2"                       [id=13460, stack(0x000000e438e00000,0x000000e438f00000) (1024K)]
  0x000002e1fcb57360 ConcurrentGCThread "G1 Refine#0"               [id=7360, stack(0x000000e436b00000,0x000000e436c00000) (1024K)]
  0x000002e1fcb58c90 ConcurrentGCThread "G1 Service"                [id=24288, stack(0x000000e436c00000,0x000000e436d00000) (1024K)]
Total: 18

Threads with active compile tasks:
C2 CompilerThread0  1168541 20775       4       org.gradle.internal.logging.text.AbstractLineChoppingStyledTextOutput::doAppend (43 bytes)
Total: 1

VM state: not at safepoint (normal execution)

VM Mutex/Monitor currently owned by a thread: None

Heap address: 0x0000000600000000, size: 8192 MB, Compressed Oops mode: Zero based, Oop shift amount: 3

CDS archive(s) not mapped
Compressed class space mapped at: 0x0000000800000000-0x0000000840000000, reserved size: 1073741824
Narrow klass base: 0x0000000800000000, Narrow klass shift: 0, Narrow klass range: 0x40000000

GC Precious Log:
 CardTable entry size: 512
 Card Set container configuration: InlinePtr #cards 4 size 8 Array Of Cards #cards 32 size 80 Howl #buckets 8 coarsen threshold 7372 Howl Bitmap #cards 1024 size 144 coarsen threshold 921 Card regions per heap region 1 cards per card region 8192
 CPUs: 12 total, 12 available
 Memory: 7528M
 Large Page Support: Disabled
 NUMA Support: Disabled
 Compressed Oops: Enabled (Zero based)
 Heap Region Size: 4M
 Heap Min Capacity: 8M
 Heap Initial Capacity: 120M
 Heap Max Capacity: 8G
 Pre-touch: Disabled
 Parallel Workers: 10
 Concurrent Workers: 3
 Concurrent Refinement Workers: 10
 Periodic GC: Disabled

Heap:
 garbage-first heap   total 425984K, used 303207K [0x0000000600000000, 0x0000000800000000)
  region size 4096K, 36 young (147456K), 4 survivors (16384K)
 Metaspace       used 140780K, committed 143360K, reserved 1179648K
  class space    used 18516K, committed 19776K, reserved 1048576K

Heap Regions: E=young(eden), S=young(survivor), O=old, HS=humongous(starts), HC=humongous(continues), CS=collection set, F=free, TAMS=top-at-mark-start, PB=parsable bottom
|   0|0x0000000600000000, 0x0000000600400000, 0x0000000600400000|100%|HS|  |TAMS 0x0000000600000000| PB 0x0000000600000000| Complete 
|   1|0x0000000600400000, 0x0000000600800000, 0x0000000600800000|100%| O|  |TAMS 0x0000000600400000| PB 0x0000000600400000| Untracked 
|   2|0x0000000600800000, 0x0000000600c00000, 0x0000000600c00000|100%| O|  |TAMS 0x0000000600800000| PB 0x0000000600800000| Untracked 
|   3|0x0000000600c00000, 0x0000000601000000, 0x0000000601000000|100%| O|  |TAMS 0x0000000600c00000| PB 0x0000000600c00000| Untracked 
|   4|0x0000000601000000, 0x0000000601400000, 0x0000000601400000|100%| O|  |TAMS 0x0000000601000000| PB 0x0000000601000000| Untracked 
|   5|0x0000000601400000, 0x0000000601800000, 0x0000000601800000|100%| O|  |TAMS 0x0000000601400000| PB 0x0000000601400000| Untracked 
|   6|0x0000000601800000, 0x0000000601c00000, 0x0000000601c00000|100%| O|  |TAMS 0x0000000601800000| PB 0x0000000601800000| Untracked 
|   7|0x0000000601c00000, 0x0000000602000000, 0x0000000602000000|100%|HS|  |TAMS 0x0000000601c00000| PB 0x0000000601c00000| Complete 
|   8|0x0000000602000000, 0x0000000602400000, 0x0000000602400000|100%| O|  |TAMS 0x0000000602000000| PB 0x0000000602000000| Untracked 
|   9|0x0000000602400000, 0x0000000602800000, 0x0000000602800000|100%| O|  |TAMS 0x0000000602400000| PB 0x0000000602400000| Untracked 
|  10|0x0000000602800000, 0x0000000602c00000, 0x0000000602c00000|100%| O|  |TAMS 0x0000000602800000| PB 0x0000000602800000| Untracked 
|  11|0x0000000602c00000, 0x0000000603000000, 0x0000000603000000|100%| O|  |TAMS 0x0000000602c00000| PB 0x0000000602c00000| Untracked 
|  12|0x0000000603000000, 0x0000000603400000, 0x0000000603400000|100%| O|  |TAMS 0x0000000603000000| PB 0x0000000603000000| Untracked 
|  13|0x0000000603400000, 0x0000000603800000, 0x0000000603800000|100%|HS|  |TAMS 0x0000000603400000| PB 0x0000000603400000| Complete 
|  14|0x0000000603800000, 0x0000000603c00000, 0x0000000603c00000|100%| O|  |TAMS 0x0000000603800000| PB 0x0000000603800000| Untracked 
|  15|0x0000000603c00000, 0x0000000604000000, 0x0000000604000000|100%|HS|  |TAMS 0x0000000603c00000| PB 0x0000000603c00000| Complete 
|  16|0x0000000604000000, 0x0000000604400000, 0x0000000604400000|100%| O|  |TAMS 0x0000000604000000| PB 0x0000000604000000| Untracked 
|  17|0x0000000604400000, 0x0000000604800000, 0x0000000604800000|100%| O|  |TAMS 0x0000000604400000| PB 0x0000000604400000| Untracked 
|  18|0x0000000604800000, 0x0000000604c00000, 0x0000000604c00000|100%|HS|  |TAMS 0x0000000604800000| PB 0x0000000604800000| Complete 
|  19|0x0000000604c00000, 0x0000000605000000, 0x0000000605000000|100%| O|  |TAMS 0x0000000604c00000| PB 0x0000000604c00000| Untracked 
|  20|0x0000000605000000, 0x0000000605400000, 0x0000000605400000|100%| O|  |TAMS 0x0000000605000000| PB 0x0000000605000000| Untracked 
|  21|0x0000000605400000, 0x0000000605800000, 0x0000000605800000|100%| O|  |TAMS 0x0000000605400000| PB 0x0000000605400000| Untracked 
|  22|0x0000000605800000, 0x0000000605c00000, 0x0000000605c00000|100%| O|  |TAMS 0x0000000605800000| PB 0x0000000605800000| Untracked 
|  23|0x0000000605c00000, 0x0000000606000000, 0x0000000606000000|100%|HS|  |TAMS 0x0000000605c00000| PB 0x0000000605c00000| Complete 
|  24|0x0000000606000000, 0x0000000606400000, 0x0000000606400000|100%| O|  |TAMS 0x0000000606000000| PB 0x0000000606000000| Untracked 
|  25|0x0000000606400000, 0x0000000606800000, 0x0000000606800000|100%| O|  |TAMS 0x0000000606400000| PB 0x0000000606400000| Untracked 
|  26|0x0000000606800000, 0x0000000606c00000, 0x0000000606c00000|100%| O|  |TAMS 0x0000000606800000| PB 0x0000000606800000| Untracked 
|  27|0x0000000606c00000, 0x0000000607000000, 0x0000000607000000|100%| O|  |TAMS 0x0000000606c00000| PB 0x0000000606c00000| Untracked 
|  28|0x0000000607000000, 0x0000000607400000, 0x0000000607400000|100%| O|  |TAMS 0x0000000607000000| PB 0x0000000607000000| Untracked 
|  29|0x0000000607400000, 0x0000000607800000, 0x0000000607800000|100%| O|  |TAMS 0x0000000607400000| PB 0x0000000607400000| Untracked 
|  30|0x0000000607800000, 0x0000000607c00000, 0x0000000607c00000|100%| O|  |TAMS 0x0000000607800000| PB 0x0000000607800000| Untracked 
|  31|0x0000000607c00000, 0x0000000608000000, 0x0000000608000000|100%| O|  |TAMS 0x0000000607c00000| PB 0x0000000607c00000| Untracked 
|  32|0x0000000608000000, 0x0000000608000000, 0x0000000608400000|  0%| F|  |TAMS 0x0000000608000000| PB 0x0000000608000000| Untracked 
|  33|0x0000000608400000, 0x0000000608800000, 0x0000000608800000|100%| O|  |TAMS 0x0000000608400000| PB 0x0000000608400000| Untracked 
|  34|0x0000000608800000, 0x0000000608c00000, 0x0000000608c00000|100%| O|Cm|TAMS 0x0000000608800000| PB 0x0000000608800000| Complete 
|  35|0x0000000608c00000, 0x0000000608d95610, 0x0000000609000000| 39%| O|  |TAMS 0x0000000608c00000| PB 0x0000000608c00000| Untracked 
|  36|0x0000000609000000, 0x0000000609000000, 0x0000000609400000|  0%| F|  |TAMS 0x0000000609000000| PB 0x0000000609000000| Untracked 
|  37|0x0000000609400000, 0x0000000609400000, 0x0000000609800000|  0%| F|  |TAMS 0x0000000609400000| PB 0x0000000609400000| Untracked 
|  38|0x0000000609800000, 0x0000000609800000, 0x0000000609c00000|  0%| F|  |TAMS 0x0000000609800000| PB 0x0000000609800000| Untracked 
|  39|0x0000000609c00000, 0x0000000609c00000, 0x000000060a000000|  0%| F|  |TAMS 0x0000000609c00000| PB 0x0000000609c00000| Untracked 
|  40|0x000000060a000000, 0x000000060a2847c0, 0x000000060a400000| 62%| S|CS|TAMS 0x000000060a000000| PB 0x000000060a000000| Complete 
|  41|0x000000060a400000, 0x000000060a800000, 0x000000060a800000|100%| S|CS|TAMS 0x000000060a400000| PB 0x000000060a400000| Complete 
|  42|0x000000060a800000, 0x000000060ac00000, 0x000000060ac00000|100%| S|CS|TAMS 0x000000060a800000| PB 0x000000060a800000| Complete 
|  43|0x000000060ac00000, 0x000000060b000000, 0x000000060b000000|100%| S|CS|TAMS 0x000000060ac00000| PB 0x000000060ac00000| Complete 
|  44|0x000000060b000000, 0x000000060b000000, 0x000000060b400000|  0%| F|  |TAMS 0x000000060b000000| PB 0x000000060b000000| Untracked 
|  45|0x000000060b400000, 0x000000060b400000, 0x000000060b800000|  0%| F|  |TAMS 0x000000060b400000| PB 0x000000060b400000| Untracked 
|  46|0x000000060b800000, 0x000000060b800000, 0x000000060bc00000|  0%| F|  |TAMS 0x000000060b800000| PB 0x000000060b800000| Untracked 
|  47|0x000000060bc00000, 0x000000060bc00000, 0x000000060c000000|  0%| F|  |TAMS 0x000000060bc00000| PB 0x000000060bc00000| Untracked 
|  48|0x000000060c000000, 0x000000060c000000, 0x000000060c400000|  0%| F|  |TAMS 0x000000060c000000| PB 0x000000060c000000| Untracked 
|  49|0x000000060c400000, 0x000000060c400000, 0x000000060c800000|  0%| F|  |TAMS 0x000000060c400000| PB 0x000000060c400000| Untracked 
|  50|0x000000060c800000, 0x000000060c800000, 0x000000060cc00000|  0%| F|  |TAMS 0x000000060c800000| PB 0x000000060c800000| Untracked 
|  51|0x000000060cc00000, 0x000000060cc00000, 0x000000060d000000|  0%| F|  |TAMS 0x000000060cc00000| PB 0x000000060cc00000| Untracked 
|  52|0x000000060d000000, 0x000000060d000000, 0x000000060d400000|  0%| F|  |TAMS 0x000000060d000000| PB 0x000000060d000000| Untracked 
|  53|0x000000060d400000, 0x000000060d400000, 0x000000060d800000|  0%| F|  |TAMS 0x000000060d400000| PB 0x000000060d400000| Untracked 
|  54|0x000000060d800000, 0x000000060d800000, 0x000000060dc00000|  0%| F|  |TAMS 0x000000060d800000| PB 0x000000060d800000| Untracked 
|  55|0x000000060dc00000, 0x000000060dc00000, 0x000000060e000000|  0%| F|  |TAMS 0x000000060dc00000| PB 0x000000060dc00000| Untracked 
|  56|0x000000060e000000, 0x000000060e000000, 0x000000060e400000|  0%| F|  |TAMS 0x000000060e000000| PB 0x000000060e000000| Untracked 
|  57|0x000000060e400000, 0x000000060e400000, 0x000000060e800000|  0%| F|  |TAMS 0x000000060e400000| PB 0x000000060e400000| Untracked 
|  58|0x000000060e800000, 0x000000060e800000, 0x000000060ec00000|  0%| F|  |TAMS 0x000000060e800000| PB 0x000000060e800000| Untracked 
|  59|0x000000060ec00000, 0x000000060ec00000, 0x000000060f000000|  0%| F|  |TAMS 0x000000060ec00000| PB 0x000000060ec00000| Untracked 
|  60|0x000000060f000000, 0x000000060f000000, 0x000000060f400000|  0%| F|  |TAMS 0x000000060f000000| PB 0x000000060f000000| Untracked 
|  61|0x000000060f400000, 0x000000060f400000, 0x000000060f800000|  0%| F|  |TAMS 0x000000060f400000| PB 0x000000060f400000| Untracked 
|  62|0x000000060f800000, 0x000000060f800000, 0x000000060fc00000|  0%| F|  |TAMS 0x000000060f800000| PB 0x000000060f800000| Untracked 
|  63|0x000000060fc00000, 0x000000060fc00000, 0x0000000610000000|  0%| F|  |TAMS 0x000000060fc00000| PB 0x000000060fc00000| Untracked 
|  64|0x0000000610000000, 0x0000000610000000, 0x0000000610400000|  0%| F|  |TAMS 0x0000000610000000| PB 0x0000000610000000| Untracked 
|  65|0x0000000610400000, 0x0000000610400000, 0x0000000610800000|  0%| F|  |TAMS 0x0000000610400000| PB 0x0000000610400000| Untracked 
|  66|0x0000000610800000, 0x0000000610800000, 0x0000000610c00000|  0%| F|  |TAMS 0x0000000610800000| PB 0x0000000610800000| Untracked 
|  67|0x0000000610c00000, 0x0000000610f0e740, 0x0000000611000000| 76%| E|  |TAMS 0x0000000610c00000| PB 0x0000000610c00000| Complete 
|  68|0x0000000611000000, 0x0000000611400000, 0x0000000611400000|100%| E|CS|TAMS 0x0000000611000000| PB 0x0000000611000000| Complete 
|  69|0x0000000611400000, 0x0000000611800000, 0x0000000611800000|100%| E|CS|TAMS 0x0000000611400000| PB 0x0000000611400000| Complete 
|  70|0x0000000611800000, 0x0000000611c00000, 0x0000000611c00000|100%| E|CS|TAMS 0x0000000611800000| PB 0x0000000611800000| Complete 
|  71|0x0000000611c00000, 0x0000000612000000, 0x0000000612000000|100%| E|CS|TAMS 0x0000000611c00000| PB 0x0000000611c00000| Complete 
|  72|0x0000000612000000, 0x0000000612400000, 0x0000000612400000|100%| E|CS|TAMS 0x0000000612000000| PB 0x0000000612000000| Complete 
|  73|0x0000000612400000, 0x0000000612800000, 0x0000000612800000|100%| E|CS|TAMS 0x0000000612400000| PB 0x0000000612400000| Complete 
|  74|0x0000000612800000, 0x0000000612c00000, 0x0000000612c00000|100%| E|CS|TAMS 0x0000000612800000| PB 0x0000000612800000| Complete 
|  75|0x0000000612c00000, 0x0000000613000000, 0x0000000613000000|100%| E|CS|TAMS 0x0000000612c00000| PB 0x0000000612c00000| Complete 
|  76|0x0000000613000000, 0x0000000613400000, 0x0000000613400000|100%| E|CS|TAMS 0x0000000613000000| PB 0x0000000613000000| Complete 
|  77|0x0000000613400000, 0x0000000613800000, 0x0000000613800000|100%| E|CS|TAMS 0x0000000613400000| PB 0x0000000613400000| Complete 
|  78|0x0000000613800000, 0x0000000613c00000, 0x0000000613c00000|100%| E|CS|TAMS 0x0000000613800000| PB 0x0000000613800000| Complete 
|  79|0x0000000613c00000, 0x0000000614000000, 0x0000000614000000|100%| E|CS|TAMS 0x0000000613c00000| PB 0x0000000613c00000| Complete 
|  80|0x0000000614000000, 0x0000000614400000, 0x0000000614400000|100%| E|CS|TAMS 0x0000000614000000| PB 0x0000000614000000| Complete 
|  81|0x0000000614400000, 0x0000000614800000, 0x0000000614800000|100%| E|CS|TAMS 0x0000000614400000| PB 0x0000000614400000| Complete 
|  82|0x0000000614800000, 0x0000000614c00000, 0x0000000614c00000|100%| E|CS|TAMS 0x0000000614800000| PB 0x0000000614800000| Complete 
|  83|0x0000000614c00000, 0x0000000615000000, 0x0000000615000000|100%| E|CS|TAMS 0x0000000614c00000| PB 0x0000000614c00000| Complete 
|  84|0x0000000615000000, 0x0000000615400000, 0x0000000615400000|100%| E|CS|TAMS 0x0000000615000000| PB 0x0000000615000000| Complete 
|  85|0x0000000615400000, 0x0000000615800000, 0x0000000615800000|100%| E|CS|TAMS 0x0000000615400000| PB 0x0000000615400000| Complete 
|  86|0x0000000615800000, 0x0000000615c00000, 0x0000000615c00000|100%| E|CS|TAMS 0x0000000615800000| PB 0x0000000615800000| Complete 
|  87|0x0000000615c00000, 0x0000000616000000, 0x0000000616000000|100%| E|CS|TAMS 0x0000000615c00000| PB 0x0000000615c00000| Complete 
|  88|0x0000000616000000, 0x0000000616400000, 0x0000000616400000|100%| E|CS|TAMS 0x0000000616000000| PB 0x0000000616000000| Complete 
|  89|0x0000000616400000, 0x0000000616800000, 0x0000000616800000|100%| E|CS|TAMS 0x0000000616400000| PB 0x0000000616400000| Complete 
|  90|0x0000000616800000, 0x0000000616c00000, 0x0000000616c00000|100%| E|CS|TAMS 0x0000000616800000| PB 0x0000000616800000| Complete 
|  91|0x0000000616c00000, 0x0000000617000000, 0x0000000617000000|100%| E|CS|TAMS 0x0000000616c00000| PB 0x0000000616c00000| Complete 
|  92|0x0000000617000000, 0x0000000617400000, 0x0000000617400000|100%| E|CS|TAMS 0x0000000617000000| PB 0x0000000617000000| Complete 
|  93|0x0000000617400000, 0x0000000617800000, 0x0000000617800000|100%| E|CS|TAMS 0x0000000617400000| PB 0x0000000617400000| Complete 
|  94|0x0000000617800000, 0x0000000617c00000, 0x0000000617c00000|100%| E|CS|TAMS 0x0000000617800000| PB 0x0000000617800000| Complete 
|  95|0x0000000617c00000, 0x0000000618000000, 0x0000000618000000|100%| E|CS|TAMS 0x0000000617c00000| PB 0x0000000617c00000| Complete 
|  96|0x0000000618000000, 0x0000000618400000, 0x0000000618400000|100%| E|CS|TAMS 0x0000000618000000| PB 0x0000000618000000| Complete 
|  97|0x0000000618400000, 0x0000000618800000, 0x0000000618800000|100%| E|CS|TAMS 0x0000000618400000| PB 0x0000000618400000| Complete 
|2042|0x00000007fe800000, 0x00000007fec00000, 0x00000007fec00000|100%| O|  |TAMS 0x00000007fe800000| PB 0x00000007fe800000| Untracked 
|2043|0x00000007fec00000, 0x00000007ff000000, 0x00000007ff000000|100%| O|  |TAMS 0x00000007fec00000| PB 0x00000007fec00000| Untracked 
|2044|0x00000007ff000000, 0x00000007ff400000, 0x00000007ff400000|100%| O|  |TAMS 0x00000007ff000000| PB 0x00000007ff000000| Untracked 
|2045|0x00000007ff400000, 0x00000007ff800000, 0x00000007ff800000|100%| O|  |TAMS 0x00000007ff400000| PB 0x00000007ff400000| Untracked 
|2046|0x00000007ff800000, 0x00000007ffc00000, 0x00000007ffc00000|100%| E|CS|TAMS 0x00000007ff800000| PB 0x00000007ff800000| Complete 
|2047|0x00000007ffc00000, 0x0000000800000000, 0x0000000800000000|100%| O|  |TAMS 0x00000007ffc00000| PB 0x00000007ffc00000| Untracked 

Card table byte_map: [0x000002e1f19c0000,0x000002e1f29c0000] _byte_map_base: 0x000002e1ee9c0000

Marking Bits: (CMBitMap*) 0x000002e1cd1a7860
 Bits: [0x000002e1f29c0000, 0x000002e1fa9c0000)

Polling page: 0x000002e1caec0000

Metaspace:

Usage:
  Non-class:    119.40 MB used.
      Class:     18.08 MB used.
       Both:    137.48 MB used.

Virtual space:
  Non-class space:      128.00 MB reserved,     120.69 MB ( 94%) committed,  2 nodes.
      Class space:        1.00 GB reserved,      19.31 MB (  2%) committed,  1 nodes.
             Both:        1.12 GB reserved,     140.00 MB ( 12%) committed. 

Chunk freelists:
   Non-Class:  7.11 MB
       Class:  12.73 MB
        Both:  19.84 MB

MaxMetaspaceSize: 4.00 GB
CompressedClassSpaceSize: 1.00 GB
Initial GC threshold: 21.00 MB
Current GC threshold: 231.81 MB
CDS: off
 - commit_granule_bytes: 65536.
 - commit_granule_words: 8192.
 - virtual_space_node_default_size: 8388608.
 - enlarge_chunks_in_place: 1.
 - use_allocation_guard: 0.


Internal statistics:

num_allocs_failed_limit: 14.
num_arena_births: 4766.
num_arena_deaths: 0.
num_vsnodes_births: 3.
num_vsnodes_deaths: 0.
num_space_committed: 2238.
num_space_uncommitted: 0.
num_chunks_returned_to_freelist: 14.
num_chunks_taken_from_freelist: 10921.
num_chunk_merges: 14.
num_chunk_splits: 7072.
num_chunks_enlarged: 4408.
num_inconsistent_stats: 0.

CodeHeap 'non-profiled nmethods': size=259264Kb used=13810Kb max_used=13810Kb free=245453Kb
 bounds [0x000002e1e0520000, 0x000002e1e12a0000, 0x000002e1f0250000]
CodeHeap 'profiled nmethods': size=259264Kb used=34490Kb max_used=34490Kb free=224773Kb
 bounds [0x000002e1d0250000, 0x000002e1d2400000, 0x000002e1dff80000]
CodeHeap 'non-nmethods': size=5760Kb used=2972Kb max_used=3039Kb free=2787Kb
 bounds [0x000002e1dff80000, 0x000002e1e0280000, 0x000002e1e0520000]
 total_blobs=18828 nmethods=17772 adapters=959
 compilation: enabled
              stopped_count=0, restarted_count=0
 full_count=0

Compilation events (20 events):
Event: 1151.938 Thread 0x000002e1fd8bf0e0 nmethod 20764 0x000002e1d23f9f10 code [0x000002e1d23fa0c0, 0x000002e1d23fa2e0]
Event: 1151.938 Thread 0x000002e1fd8bf0e0 20765   !   3       sun.nio.ch.DatagramChannelImpl::localAddress (19 bytes)
Event: 1151.938 Thread 0x000002e1fd8bf0e0 nmethod 20765 0x000002e1d23fa390 code [0x000002e1d23fa540, 0x000002e1d23fa748]
Event: 1151.938 Thread 0x000002e1fd8bf0e0 20766       3       org.gradle.cache.internal.DefaultFileLockManager$RandomLongIdGenerator::getAsLong (8 bytes)
Event: 1151.938 Thread 0x000002e1fd8bf0e0 nmethod 20766 0x000002e1d23fa810 code [0x000002e1d23fa9c0, 0x000002e1d23faba0]
Event: 1151.938 Thread 0x000002e1fd8bf0e0 20767       3       org.gradle.cache.internal.DefaultFileLockManager::determineLockTargetFile (72 bytes)
Event: 1151.946 Thread 0x000002e1fd8bf0e0 nmethod 20767 0x000002e1d23fac90 code [0x000002e1d23fafc0, 0x000002e1d23fbff8]
Event: 1151.946 Thread 0x000002e1fd8bf0e0 20768       3       org.gradle.cache.internal.filelock.DefaultLockStateSerializer::<init> (5 bytes)
Event: 1151.946 Thread 0x000002e1fd8bf0e0 nmethod 20768 0x000002e1d23fc590 code [0x000002e1d23fc740, 0x000002e1d23fc8a8]
Event: 1151.946 Thread 0x000002e1fd8bf0e0 20769       3       org.gradle.cache.internal.filelock.DefaultLockStateSerializer::read (29 bytes)
Event: 1151.946 Thread 0x000002e1fd8bf0e0 nmethod 20769 0x000002e1d23fc990 code [0x000002e1d23fcb60, 0x000002e1d23fcec8]
Event: 1156.980 Thread 0x000002e1fd895290 20771   !   4       java.util.concurrent.LinkedBlockingQueue::poll (128 bytes)
Event: 1159.011 Thread 0x000002e1fd895290 nmethod 20771 0x000002e1e129ae90 code [0x000002e1e129b120, 0x000002e1e129bbc0]
Event: 1159.011 Thread 0x000002e1fd895290 20772       4       org.gradle.launcher.daemon.server.exec.DaemonConnectionBackedEventConsumer$ForwardEvents::moreMessagesToSend (35 bytes)
Event: 1159.036 Thread 0x000002e1fd895290 nmethod 20772 0x000002e1e129c590 code [0x000002e1e129c740, 0x000002e1e129c880]
Event: 1163.429 Thread 0x000002e1fd8bf0e0 20773       3       org.gradle.internal.io.LineBufferingOutputStream::write (59 bytes)
Event: 1163.429 Thread 0x000002e1fd895290 20775       4       org.gradle.internal.logging.text.AbstractLineChoppingStyledTextOutput::doAppend (43 bytes)
Event: 1163.430 Thread 0x000002e1fd8bf0e0 nmethod 20773 0x000002e1d23fd010 code [0x000002e1d23fd2e0, 0x000002e1d23fe100]
Event: 1163.430 Thread 0x000002e1fd8bf0e0 20774       3       org.gradle.internal.io.StreamByteBuffer$StreamByteBufferOutputStream::write (22 bytes)
Event: 1163.431 Thread 0x000002e1fd8bf0e0 nmethod 20774 0x000002e1d23fe690 code [0x000002e1d23fe860, 0x000002e1d23fea50]

GC Heap History (20 events):
Event: 14.422 GC heap before
{Heap before GC invocations=33 (full 0):
 garbage-first heap   total 208896K, used 179612K [0x0000000600000000, 0x0000000800000000)
  region size 4096K, 14 young (57344K), 3 survivors (12288K)
 Metaspace       used 104473K, committed 106560K, reserved 1179648K
  class space    used 14071K, committed 15104K, reserved 1048576K
}
Event: 14.430 GC heap after
{Heap after GC invocations=34 (full 0):
 garbage-first heap   total 208896K, used 137869K [0x0000000600000000, 0x0000000800000000)
  region size 4096K, 1 young (4096K), 1 survivors (4096K)
 Metaspace       used 104473K, committed 106560K, reserved 1179648K
  class space    used 14071K, committed 15104K, reserved 1048576K
}
Event: 14.886 GC heap before
{Heap before GC invocations=35 (full 0):
 garbage-first heap   total 233472K, used 187021K [0x0000000600000000, 0x0000000800000000)
  region size 4096K, 13 young (53248K), 1 survivors (4096K)
 Metaspace       used 108217K, committed 110400K, reserved 1179648K
  class space    used 14624K, committed 15680K, reserved 1048576K
}
Event: 14.890 GC heap after
{Heap after GC invocations=36 (full 0):
 garbage-first heap   total 233472K, used 139224K [0x0000000600000000, 0x0000000800000000)
  region size 4096K, 2 young (8192K), 2 survivors (8192K)
 Metaspace       used 108217K, committed 110400K, reserved 1179648K
  class space    used 14624K, committed 15680K, reserved 1048576K
}
Event: 15.574 GC heap before
{Heap before GC invocations=36 (full 0):
 garbage-first heap   total 233472K, used 204760K [0x0000000600000000, 0x0000000800000000)
  region size 4096K, 18 young (73728K), 2 survivors (8192K)
 Metaspace       used 113247K, committed 115392K, reserved 1179648K
  class space    used 15398K, committed 16448K, reserved 1048576K
}
Event: 15.581 GC heap after
{Heap after GC invocations=37 (full 0):
 garbage-first heap   total 294912K, used 141065K [0x0000000600000000, 0x0000000800000000)
  region size 4096K, 2 young (8192K), 2 survivors (8192K)
 Metaspace       used 113247K, committed 115392K, reserved 1179648K
  class space    used 15398K, committed 16448K, reserved 1048576K
}
Event: 16.782 GC heap before
{Heap before GC invocations=37 (full 0):
 garbage-first heap   total 294912K, used 263945K [0x0000000600000000, 0x0000000800000000)
  region size 4096K, 32 young (131072K), 2 survivors (8192K)
 Metaspace       used 121434K, committed 123776K, reserved 1179648K
  class space    used 16566K, committed 17664K, reserved 1048576K
}
Event: 16.796 GC heap after
{Heap after GC invocations=38 (full 0):
 garbage-first heap   total 294912K, used 150599K [0x0000000600000000, 0x0000000800000000)
  region size 4096K, 4 young (16384K), 4 survivors (16384K)
 Metaspace       used 121434K, committed 123776K, reserved 1179648K
  class space    used 16566K, committed 17664K, reserved 1048576K
}
Event: 26.745 GC heap before
{Heap before GC invocations=38 (full 0):
 garbage-first heap   total 294912K, used 252999K [0x0000000600000000, 0x0000000800000000)
  region size 4096K, 30 young (122880K), 4 survivors (16384K)
 Metaspace       used 126728K, committed 129088K, reserved 1179648K
  class space    used 17107K, committed 18240K, reserved 1048576K
}
Event: 26.765 GC heap after
{Heap after GC invocations=39 (full 0):
 garbage-first heap   total 294912K, used 162219K [0x0000000600000000, 0x0000000800000000)
  region size 4096K, 3 young (12288K), 3 survivors (12288K)
 Metaspace       used 126728K, committed 129088K, reserved 1179648K
  class space    used 17107K, committed 18240K, reserved 1048576K
}
Event: 27.986 GC heap before
{Heap before GC invocations=39 (full 0):
 garbage-first heap   total 294912K, used 244139K [0x0000000600000000, 0x0000000800000000)
  region size 4096K, 25 young (102400K), 3 survivors (12288K)
 Metaspace       used 128327K, committed 130752K, reserved 1179648K
  class space    used 17316K, committed 18496K, reserved 1048576K
}
Event: 27.999 GC heap after
{Heap after GC invocations=40 (full 0):
 garbage-first heap   total 294912K, used 168294K [0x0000000600000000, 0x0000000800000000)
  region size 4096K, 2 young (8192K), 2 survivors (8192K)
 Metaspace       used 128327K, committed 130752K, reserved 1179648K
  class space    used 17316K, committed 18496K, reserved 1048576K
}
Event: 29.185 GC heap before
{Heap before GC invocations=41 (full 0):
 garbage-first heap   total 425984K, used 336230K [0x0000000600000000, 0x0000000800000000)
  region size 4096K, 24 young (98304K), 2 survivors (8192K)
 Metaspace       used 131141K, committed 133632K, reserved 1179648K
  class space    used 17667K, committed 18880K, reserved 1048576K
}
Event: 29.194 GC heap after
{Heap after GC invocations=42 (full 0):
 garbage-first heap   total 425984K, used 171168K [0x0000000600000000, 0x0000000800000000)
  region size 4096K, 3 young (12288K), 3 survivors (12288K)
 Metaspace       used 131141K, committed 133632K, reserved 1179648K
  class space    used 17667K, committed 18880K, reserved 1048576K
}
Event: 93.452 GC heap before
{Heap before GC invocations=42 (full 0):
 garbage-first heap   total 425984K, used 380064K [0x0000000600000000, 0x0000000800000000)
  region size 4096K, 55 young (225280K), 3 survivors (12288K)
 Metaspace       used 138850K, committed 141376K, reserved 1179648K
  class space    used 18437K, committed 19648K, reserved 1048576K
}
Event: 93.469 GC heap after
{Heap after GC invocations=43 (full 0):
 garbage-first heap   total 425984K, used 175199K [0x0000000600000000, 0x0000000800000000)
  region size 4096K, 4 young (16384K), 4 survivors (16384K)
 Metaspace       used 138850K, committed 141376K, reserved 1179648K
  class space    used 18437K, committed 19648K, reserved 1048576K
}
Event: 1036.711 GC heap before
{Heap before GC invocations=43 (full 0):
 garbage-first heap   total 425984K, used 375903K [0x0000000600000000, 0x0000000800000000)
  region size 4096K, 54 young (221184K), 4 survivors (16384K)
 Metaspace       used 139808K, committed 142400K, reserved 1179648K
  class space    used 18452K, committed 19712K, reserved 1048576K
}
Event: 1036.873 GC heap after
{Heap after GC invocations=44 (full 0):
 garbage-first heap   total 425984K, used 173226K [0x0000000600000000, 0x0000000800000000)
  region size 4096K, 3 young (12288K), 3 survivors (12288K)
 Metaspace       used 139808K, committed 142400K, reserved 1179648K
  class space    used 18452K, committed 19712K, reserved 1048576K
}
Event: 1129.145 GC heap before
{Heap before GC invocations=45 (full 0):
 garbage-first heap   total 425984K, used 382122K [0x0000000600000000, 0x0000000800000000)
  region size 4096K, 55 young (225280K), 3 survivors (12288K)
 Metaspace       used 140468K, committed 143040K, reserved 1179648K
  class space    used 18510K, committed 19776K, reserved 1048576K
}
Event: 1129.193 GC heap after
{Heap after GC invocations=46 (full 0):
 garbage-first heap   total 425984K, used 176231K [0x0000000600000000, 0x0000000800000000)
  region size 4096K, 4 young (16384K), 4 survivors (16384K)
 Metaspace       used 140468K, committed 143040K, reserved 1179648K
  class space    used 18510K, committed 19776K, reserved 1048576K
}

Dll operation events (3 events):
Event: 0.012 Loaded shared library C:\Program Files\Android\Android Studio\jbr\bin\java.dll
Event: 0.017 Loaded shared library C:\Program Files\Android\Android Studio\jbr\bin\zip.dll
Event: 0.471 Loaded shared library C:\Program Files\Android\Android Studio\jbr\bin\verify.dll

Deoptimization events (20 events):
Event: 1129.656 Thread 0x000002e185cd1690 Uncommon trap: trap_request=0xffffff45 fr.pc=0x000002e1e0575dc4 relative=0x00000000000009c4
Event: 1129.656 Thread 0x000002e185cd1690 Uncommon trap: reason=unstable_if action=reinterpret pc=0x000002e1e0575dc4 method=java.util.concurrent.ConcurrentHashMap.replaceNode(Ljava/lang/Object;Ljava/lang/Object;Ljava/lang/Object;)Ljava/lang/Object; @ 62 c2
Event: 1129.656 Thread 0x000002e185cd1690 DEOPT PACKING pc=0x000002e1e0575dc4 sp=0x000000e43e2fe4f0
Event: 1129.656 Thread 0x000002e185cd1690 DEOPT UNPACKING pc=0x000002e1dffd46a2 sp=0x000000e43e2fe488 mode 2
Event: 1130.103 Thread 0x000002e18717eee0 Uncommon trap: trap_request=0xffffff45 fr.pc=0x000002e1e0f755ec relative=0x0000000000000cec
Event: 1130.103 Thread 0x000002e18717eee0 Uncommon trap: reason=unstable_if action=reinterpret pc=0x000002e1e0f755ec method=java.util.concurrent.locks.AbstractQueuedSynchronizer$ConditionObject.await()V @ 90 c2
Event: 1130.103 Thread 0x000002e18717eee0 DEOPT PACKING pc=0x000002e1e0f755ec sp=0x000000e4401fef10
Event: 1130.103 Thread 0x000002e18717eee0 DEOPT UNPACKING pc=0x000002e1dffd46a2 sp=0x000000e4401feec8 mode 2
Event: 1130.381 Thread 0x000002e18717c780 DEOPT PACKING pc=0x000002e1d172ade1 sp=0x000000e437df6510
Event: 1130.381 Thread 0x000002e18717c780 DEOPT UNPACKING pc=0x000002e1dffd4e42 sp=0x000000e437df59b8 mode 0
Event: 1130.410 Thread 0x000002e18717c780 DEOPT PACKING pc=0x000002e1d172ade1 sp=0x000000e437df67d0
Event: 1130.410 Thread 0x000002e18717c780 DEOPT UNPACKING pc=0x000002e1dffd4e42 sp=0x000000e437df5c78 mode 0
Event: 1130.464 Thread 0x000002e18717c780 Uncommon trap: trap_request=0xfffffff4 fr.pc=0x000002e1e125da14 relative=0x0000000000000194
Event: 1130.464 Thread 0x000002e18717c780 Uncommon trap: reason=null_check action=make_not_entrant pc=0x000002e1e125da14 method=com.google.gson.internal.Excluder.isAnonymousOrNonStaticLocal(Ljava/lang/Class;)Z @ 3 c2
Event: 1130.464 Thread 0x000002e18717c780 DEOPT PACKING pc=0x000002e1e125da14 sp=0x000000e437df8d00
Event: 1130.464 Thread 0x000002e18717c780 DEOPT UNPACKING pc=0x000002e1dffd46a2 sp=0x000000e437df8c88 mode 2
Event: 1163.451 Thread 0x000002e1857a79d0 Uncommon trap: trap_request=0xffffffc6 fr.pc=0x000002e1e11822b4 relative=0x0000000000000bb4
Event: 1163.451 Thread 0x000002e1857a79d0 Uncommon trap: reason=bimorphic_or_optimized_type_check action=maybe_recompile pc=0x000002e1e11822b4 method=java.io.PrintStream.implFlush()V @ 8 c2
Event: 1163.451 Thread 0x000002e1857a79d0 DEOPT PACKING pc=0x000002e1e11822b4 sp=0x000000e4405ff060
Event: 1163.451 Thread 0x000002e1857a79d0 DEOPT UNPACKING pc=0x000002e1dffd46a2 sp=0x000000e4405fefe8 mode 2

Classes loaded (20 events):
Event: 30.462 Loading class java/time/temporal/TemporalQueries$7
Event: 30.463 Loading class java/time/temporal/TemporalQueries$7 done
Event: 30.463 Loading class java/time/LocalDate$1
Event: 30.463 Loading class java/time/LocalDate$1 done
Event: 30.610 Loading class java/util/concurrent/CompletableFuture$AsyncRun
Event: 30.610 Loading class java/util/concurrent/CompletableFuture$AsyncRun done
Event: 93.179 Loading class jdk/internal/math/FormattedFPDecimal
Event: 93.181 Loading class jdk/internal/math/FormattedFPDecimal done
Event: 1101.071 Loading class java/io/PrintWriter$1
Event: 1101.072 Loading class jdk/internal/access/JavaIOPrintWriterAccess
Event: 1101.072 Loading class jdk/internal/access/JavaIOPrintWriterAccess done
Event: 1101.072 Loading class java/io/PrintWriter$1 done
Event: 1101.073 Loading class java/lang/Throwable$WrappedPrintWriter
Event: 1101.074 Loading class java/lang/Throwable$PrintStreamOrWriter
Event: 1101.075 Loading class java/lang/Throwable$PrintStreamOrWriter done
Event: 1101.075 Loading class java/lang/Throwable$WrappedPrintWriter done
Event: 1101.349 Loading class java/util/Collections$EmptyListIterator
Event: 1101.349 Loading class java/util/Collections$EmptyListIterator done
Event: 1101.430 Loading class java/net/UrlDeserializedState
Event: 1101.431 Loading class java/net/UrlDeserializedState done

Classes unloaded (0 events):
No events

Classes redefined (0 events):
No events

Internal exceptions (20 events):
Event: 1128.784 Thread 0x000002e18717c780 Exception <a 'sun/nio/fs/WindowsException'{0x000000060d506078}> (0x000000060d506078) 
thrown [s\src\hotspot\share\prims\jni.cpp, line 535]
Event: 1128.818 Thread 0x000002e18717c780 Exception <a 'sun/nio/fs/WindowsException'{0x000000060d5d3020}> (0x000000060d5d3020) 
thrown [s\src\hotspot\share\prims\jni.cpp, line 535]
Event: 1128.819 Thread 0x000002e18717c780 Exception <a 'sun/nio/fs/WindowsException'{0x000000060d5d4cd0}> (0x000000060d5d4cd0) 
thrown [s\src\hotspot\share\prims\jni.cpp, line 535]
Event: 1128.819 Thread 0x000002e18717c780 Exception <a 'sun/nio/fs/WindowsException'{0x000000060d5d6978}> (0x000000060d5d6978) 
thrown [s\src\hotspot\share\prims\jni.cpp, line 535]
Event: 1128.820 Thread 0x000002e18717c780 Exception <a 'sun/nio/fs/WindowsException'{0x000000060d5d8228}> (0x000000060d5d8228) 
thrown [s\src\hotspot\share\prims\jni.cpp, line 535]
Event: 1129.212 Thread 0x000002e18717c780 Implicit null exception at 0x000002e1e0a7deae to 0x000002e1e0a7e370
Event: 1129.356 Thread 0x000002e18fdff000 Exception <a 'sun/nio/fs/WindowsException'{0x0000000617d04320}> (0x0000000617d04320) 
thrown [s\src\hotspot\share\prims\jni.cpp, line 535]
Event: 1129.356 Thread 0x000002e18fdff000 Exception <a 'sun/nio/fs/WindowsException'{0x0000000617d066d0}> (0x0000000617d066d0) 
thrown [s\src\hotspot\share\prims\jni.cpp, line 535]
Event: 1129.356 Thread 0x000002e18fdff000 Exception <a 'sun/nio/fs/WindowsException'{0x0000000617d089c0}> (0x0000000617d089c0) 
thrown [s\src\hotspot\share\prims\jni.cpp, line 535]
Event: 1129.357 Thread 0x000002e18fdff000 Exception <a 'sun/nio/fs/WindowsException'{0x0000000617d0a918}> (0x0000000617d0a918) 
thrown [s\src\hotspot\share\prims\jni.cpp, line 535]
Event: 1129.359 Thread 0x000002e18fdff000 Exception <a 'sun/nio/fs/WindowsException'{0x0000000617d26728}> (0x0000000617d26728) 
thrown [s\src\hotspot\share\prims\jni.cpp, line 535]
Event: 1129.849 Thread 0x000002e18717c780 Exception <a 'java/lang/NoSuchMethodError'{0x0000000614edea48}: 'org.gradle.internal.buildoption.BuildOption$Value org.gradle.api.internal.StartParameterInternal.getIsolatedProjects()'> (0x0000000614edea48) 
thrown [s\src\hotspot\share\interpreter\linkResolver.cpp, line 784]
Event: 1130.451 Thread 0x000002e18717c780 Exception <a 'sun/nio/fs/WindowsException'{0x00000006121d6a20}> (0x00000006121d6a20) 
thrown [s\src\hotspot\share\prims\jni.cpp, line 535]
Event: 1130.451 Thread 0x000002e18717c780 Exception <a 'sun/nio/fs/WindowsException'{0x00000006121d8070}> (0x00000006121d8070) 
thrown [s\src\hotspot\share\prims\jni.cpp, line 535]
Event: 1130.452 Thread 0x000002e18717c780 Exception <a 'sun/nio/fs/WindowsException'{0x00000006121d9710}> (0x00000006121d9710) 
thrown [s\src\hotspot\share\prims\jni.cpp, line 535]
Event: 1130.452 Thread 0x000002e18717c780 Exception <a 'sun/nio/fs/WindowsException'{0x00000006121dadb0}> (0x00000006121dadb0) 
thrown [s\src\hotspot\share\prims\jni.cpp, line 535]
Event: 1130.464 Thread 0x000002e18717c780 Implicit null exception at 0x000002e1e125d8c5 to 0x000002e1e125da04
Event: 1130.470 Thread 0x000002e18717c780 Exception <a 'java/lang/NoSuchMethodError'{0x000000061224d588}: 'org.jetbrains.kotlin.gradle.dsl.KotlinVersion org.jetbrains.kotlin.gradle.dsl.KotlinVersion$Companion.getDEFAULT()'> (0x000000061224d588) 
thrown [s\src\hotspot\share\interpreter\linkResolver.cpp, line 784]
Event: 1130.548 Thread 0x000002e18717c780 Exception <a 'sun/nio/fs/WindowsException'{0x000000061181f4a8}> (0x000000061181f4a8) 
thrown [s\src\hotspot\share\prims\jni.cpp, line 535]
Event: 1130.560 Thread 0x000002e18ef79ac0 Exception <a 'sun/nio/fs/WindowsException'{0x00000006119cb6b8}> (0x00000006119cb6b8) 
thrown [s\src\hotspot\share\prims\jni.cpp, line 535]

ZGC Phase Switch (0 events):
No events

VM Operations (20 events):
Event: 1102.313 Executing VM operation: Cleanup
Event: 1102.313 Executing VM operation: Cleanup done
Event: 1129.144 Executing VM operation: G1CollectForAllocation (G1 Evacuation Pause)
Event: 1129.193 Executing VM operation: G1CollectForAllocation (G1 Evacuation Pause) done
Event: 1130.201 Executing VM operation: Cleanup
Event: 1130.202 Executing VM operation: Cleanup done
Event: 1131.211 Executing VM operation: Cleanup
Event: 1131.211 Executing VM operation: Cleanup done
Event: 1132.213 Executing VM operation: Cleanup
Event: 1132.213 Executing VM operation: Cleanup done
Event: 1142.974 Executing VM operation: HandshakeAllThreads (HandshakeForDeflation)
Event: 1142.974 Executing VM operation: HandshakeAllThreads (HandshakeForDeflation) done
Event: 1142.974 Executing VM operation: RendezvousGCThreads
Event: 1142.974 Executing VM operation: RendezvousGCThreads done
Event: 1152.061 Executing VM operation: Cleanup
Event: 1152.062 Executing VM operation: Cleanup done
Event: 1159.098 Executing VM operation: Cleanup
Event: 1159.098 Executing VM operation: Cleanup done
Event: 1164.127 Executing VM operation: Cleanup
Event: 1164.127 Executing VM operation: Cleanup done

Memory protections (0 events):
No events

Nmethod flushes (20 events):
Event: 1037.740 Thread 0x000002e1fd7dca40 flushing  nmethod 0x000002e1d0a8bc10
Event: 1037.740 Thread 0x000002e1fd7dca40 flushing  nmethod 0x000002e1d0a8df90
Event: 1037.740 Thread 0x000002e1fd7dca40 flushing  nmethod 0x000002e1d0b17e10
Event: 1037.740 Thread 0x000002e1fd7dca40 flushing  nmethod 0x000002e1d0b1bb10
Event: 1037.740 Thread 0x000002e1fd7dca40 flushing  nmethod 0x000002e1d0ceb110
Event: 1037.740 Thread 0x000002e1fd7dca40 flushing  nmethod 0x000002e1d0cede10
Event: 1037.741 Thread 0x000002e1fd7dca40 flushing  nmethod 0x000002e1d0cefc10
Event: 1037.741 Thread 0x000002e1fd7dca40 flushing  nmethod 0x000002e1d0cf1a10
Event: 1037.741 Thread 0x000002e1fd7dca40 flushing  nmethod 0x000002e1d0d0bb90
Event: 1037.741 Thread 0x000002e1fd7dca40 flushing  nmethod 0x000002e1d0d0e190
Event: 1037.741 Thread 0x000002e1fd7dca40 flushing  nmethod 0x000002e1d0d10590
Event: 1037.741 Thread 0x000002e1fd7dca40 flushing  nmethod 0x000002e1d0d11590
Event: 1037.741 Thread 0x000002e1fd7dca40 flushing  nmethod 0x000002e1d0f4e190
Event: 1037.741 Thread 0x000002e1fd7dca40 flushing  nmethod 0x000002e1d0f55c10
Event: 1037.741 Thread 0x000002e1fd7dca40 flushing  nmethod 0x000002e1d10d8c10
Event: 1037.741 Thread 0x000002e1fd7dca40 flushing  nmethod 0x000002e1d13c9610
Event: 1037.741 Thread 0x000002e1fd7dca40 flushing  nmethod 0x000002e1d1530f90
Event: 1037.741 Thread 0x000002e1fd7dca40 flushing  nmethod 0x000002e1d1791990
Event: 1037.741 Thread 0x000002e1fd7dca40 flushing  nmethod 0x000002e1d1925210
Event: 1037.741 Thread 0x000002e1fd7dca40 flushing  nmethod 0x000002e1d1929810

Events (20 events):
Event: 1130.050 Thread 0x000002e18717c780 Thread added: 0x000002e184e693d0
Event: 1130.050 Thread 0x000002e18717c780 Thread added: 0x000002e184e69a60
Event: 1130.098 Thread 0x000002e18717c780 Thread added: 0x000002e18717c0f0
Event: 1130.098 Thread 0x000002e18717c780 Thread added: 0x000002e18717a6b0
Event: 1130.098 Thread 0x000002e18717c780 Thread added: 0x000002e187178c70
Event: 1130.099 Thread 0x000002e18717c780 Thread added: 0x000002e18717ad40
Event: 1130.099 Thread 0x000002e18717c780 Thread added: 0x000002e187179300
Event: 1130.099 Thread 0x000002e18717c780 Thread added: 0x000002e18717ce10
Event: 1130.100 Thread 0x000002e18717c780 Thread added: 0x000002e187179990
Event: 1130.100 Thread 0x000002e18717c780 Thread added: 0x000002e18717eee0
Event: 1130.100 Thread 0x000002e18717c780 Thread added: 0x000002e18717f570
Event: 1130.101 Thread 0x000002e18717c780 Thread added: 0x000002e187180290
Event: 1130.101 Thread 0x000002e18717c780 Thread added: 0x000002e18717d4a0
Event: 1130.550 Thread 0x000002e18717c780 Thread added: 0x000002e18717fc00
Event: 1130.550 Thread 0x000002e18717c780 Thread added: 0x000002e18717db30
Event: 1130.553 Thread 0x000002e18ef79ac0 Thread added: 0x000002e18717e1c0
Event: 1135.775 Thread 0x000002e18f8a30d0 Thread exited: 0x000002e18f8a30d0
Event: 1136.059 Thread 0x000002e18f8a4c10 Thread exited: 0x000002e18f8a4c10
Event: 1161.093 Thread 0x000002e18fdfbb80 Thread exited: 0x000002e18fdfbb80
Event: 1161.765 Thread 0x000002e1857a4550 Thread exited: 0x000002e1857a4550


Dynamic libraries:
0x00007ff695230000 - 0x00007ff69523a000 	C:\Program Files\Android\Android Studio\jbr\bin\java.exe
0x00007fff31940000 - 0x00007fff31ba8000 	C:\WINDOWS\SYSTEM32\ntdll.dll
0x00007fff303b0000 - 0x00007fff30479000 	C:\WINDOWS\System32\KERNEL32.DLL
0x00007fff2f040000 - 0x00007fff2f432000 	C:\WINDOWS\System32\KERNELBASE.dll
0x00007fff2eef0000 - 0x00007fff2f03b000 	C:\WINDOWS\System32\ucrtbase.dll
0x00007fff00110000 - 0x00007fff00128000 	C:\Program Files\Android\Android Studio\jbr\bin\jli.dll
0x00007ffede1c0000 - 0x00007ffede1db000 	C:\Program Files\Android\Android Studio\jbr\bin\VCRUNTIME140.dll
0x00007fff310a0000 - 0x00007fff31265000 	C:\WINDOWS\System32\USER32.dll
0x00007fff2ec10000 - 0x00007fff2ec37000 	C:\WINDOWS\System32\win32u.dll
0x00007fff1cdc0000 - 0x00007fff1d053000 	C:\WINDOWS\WinSxS\amd64_microsoft.windows.common-controls_6595b64144ccf1df_6.0.26100.6899_none_3e0efeeae32e88c1\COMCTL32.dll
0x00007fff31690000 - 0x00007fff316bb000 	C:\WINDOWS\System32\GDI32.dll
0x00007fff30480000 - 0x00007fff30529000 	C:\WINDOWS\System32\msvcrt.dll
0x00007fff2edc0000 - 0x00007fff2eeed000 	C:\WINDOWS\System32\gdi32full.dll
0x00007fff2eb60000 - 0x00007fff2ec03000 	C:\WINDOWS\System32\msvcp_win.dll
0x00007fff2feb0000 - 0x00007fff2fedf000 	C:\WINDOWS\System32\IMM32.DLL
0x00007fff1edc0000 - 0x00007fff1edcc000 	C:\Program Files\Android\Android Studio\jbr\bin\vcruntime140_1.dll
0x00007ffeca4c0000 - 0x00007ffeca54d000 	C:\Program Files\Android\Android Studio\jbr\bin\msvcp140.dll
0x00007ffeba6b0000 - 0x00007ffebb33b000 	C:\Program Files\Android\Android Studio\jbr\bin\server\jvm.dll
0x00007fff30790000 - 0x00007fff30844000 	C:\WINDOWS\System32\ADVAPI32.dll
0x00007fff314a0000 - 0x00007fff31546000 	C:\WINDOWS\System32\sechost.dll
0x00007fff31270000 - 0x00007fff31388000 	C:\WINDOWS\System32\RPCRT4.dll
0x00007fff31610000 - 0x00007fff31684000 	C:\WINDOWS\System32\WS2_32.dll
0x00007fff2e930000 - 0x00007fff2e98e000 	C:\WINDOWS\SYSTEM32\POWRPROF.dll
0x00007fff27ac0000 - 0x00007fff27acb000 	C:\WINDOWS\SYSTEM32\VERSION.dll
0x00007fff27a40000 - 0x00007fff27a75000 	C:\WINDOWS\SYSTEM32\WINMM.dll
0x00007fff2e910000 - 0x00007fff2e924000 	C:\WINDOWS\SYSTEM32\UMPDC.dll
0x00007fff2d8a0000 - 0x00007fff2d8bb000 	C:\WINDOWS\SYSTEM32\kernel.appcore.dll
0x00007fff15000000 - 0x00007fff1500a000 	C:\Program Files\Android\Android Studio\jbr\bin\jimage.dll
0x00007fff21cb0000 - 0x00007fff21ef2000 	C:\WINDOWS\SYSTEM32\DBGHELP.DLL
0x00007fff30d20000 - 0x00007fff3109b000 	C:\WINDOWS\System32\combase.dll
0x00007fff30c40000 - 0x00007fff30d17000 	C:\WINDOWS\System32\OLEAUT32.dll
0x00007fff1c350000 - 0x00007fff1c38c000 	C:\WINDOWS\SYSTEM32\dbgcore.DLL
0x00007fff2f670000 - 0x00007fff2f708000 	C:\WINDOWS\System32\bcryptPrimitives.dll
0x00007fff1edd0000 - 0x00007fff1edde000 	C:\Program Files\Android\Android Studio\jbr\bin\instrument.dll
0x00007ffed5700000 - 0x00007ffed5720000 	C:\Program Files\Android\Android Studio\jbr\bin\java.dll
0x00007ffecb7e0000 - 0x00007ffecb7f8000 	C:\Program Files\Android\Android Studio\jbr\bin\zip.dll
0x00007fff2f760000 - 0x00007fff2fead000 	C:\WINDOWS\System32\SHELL32.dll
0x00007fff2f440000 - 0x00007fff2f5ab000 	C:\WINDOWS\System32\wintypes.dll
0x00007fff2c700000 - 0x00007fff2cf5d000 	C:\WINDOWS\SYSTEM32\windows.storage.dll
0x00007fff30690000 - 0x00007fff30782000 	C:\WINDOWS\System32\SHCORE.dll
0x00007fff31890000 - 0x00007fff318f2000 	C:\WINDOWS\System32\shlwapi.dll
0x00007fff2e9f0000 - 0x00007fff2ea19000 	C:\WINDOWS\SYSTEM32\profapi.dll
0x00007fff00100000 - 0x00007fff00110000 	C:\Program Files\Android\Android Studio\jbr\bin\net.dll
0x00007fff247c0000 - 0x00007fff248df000 	C:\WINDOWS\SYSTEM32\WINHTTP.dll
0x00007fff2de10000 - 0x00007fff2de7b000 	C:\WINDOWS\system32\mswsock.dll
0x00007ffeca430000 - 0x00007ffeca446000 	C:\Program Files\Android\Android Studio\jbr\bin\nio.dll
0x00007ffef1a00000 - 0x00007ffef1a10000 	C:\Program Files\Android\Android Studio\jbr\bin\verify.dll
0x00007ffef2e90000 - 0x00007ffef2eb7000 	C:\Users\DELL\.gradle\native\c067742578af261105cb4f569cf0c3c89f3d7b1fecec35dd04571415982c5e48\windows-amd64\native-platform.dll
0x00007ffef2d40000 - 0x00007ffef2e84000 	C:\Users\DELL\.gradle\native\100fb08df4bc3b14c8652ba06237920a3bd2aa13389f12d3474272988ae205f9\windows-amd64\native-platform-file-events.dll
0x00007ffef56c0000 - 0x00007ffef56c9000 	C:\Program Files\Android\Android Studio\jbr\bin\management.dll
0x00007ffef2d30000 - 0x00007ffef2d3b000 	C:\Program Files\Android\Android Studio\jbr\bin\management_ext.dll
0x00007fff31470000 - 0x00007fff31478000 	C:\WINDOWS\System32\PSAPI.DLL
0x00007fff2e0c0000 - 0x00007fff2e0db000 	C:\WINDOWS\SYSTEM32\CRYPTSP.dll
0x00007fff2d800000 - 0x00007fff2d83b000 	C:\WINDOWS\system32\rsaenh.dll
0x00007fff2deb0000 - 0x00007fff2dedb000 	C:\WINDOWS\SYSTEM32\USERENV.dll
0x00007fff2e9c0000 - 0x00007fff2e9e6000 	C:\WINDOWS\SYSTEM32\bcrypt.dll
0x00007fff2e0e0000 - 0x00007fff2e0ec000 	C:\WINDOWS\SYSTEM32\CRYPTBASE.dll
0x00007fff2d350000 - 0x00007fff2d384000 	C:\WINDOWS\SYSTEM32\IPHLPAPI.DLL
0x00007fff2fef0000 - 0x00007fff2fefa000 	C:\WINDOWS\System32\NSI.dll
0x00007ffef77e0000 - 0x00007ffef77e9000 	C:\Program Files\Android\Android Studio\jbr\bin\extnet.dll
0x00007ffefbd60000 - 0x00007ffefbd68000 	C:\WINDOWS\system32\wshunix.dll
0x00007fff10f00000 - 0x00007fff10f18000 	C:\WINDOWS\system32\napinsp.dll
0x00007fff2d430000 - 0x00007fff2d556000 	C:\WINDOWS\SYSTEM32\DNSAPI.dll
0x00007fff10ea0000 - 0x00007fff10eb2000 	C:\WINDOWS\System32\winrnr.dll
0x00007fff10d00000 - 0x00007fff10d28000 	C:\WINDOWS\system32\nlansp_c.dll
0x00007fff23d50000 - 0x00007fff23d66000 	C:\WINDOWS\system32\wshbth.dll
0x00007fff23d40000 - 0x00007fff23d4b000 	C:\Windows\System32\rasadhlp.dll
0x00007fff28310000 - 0x00007fff28396000 	C:\WINDOWS\System32\fwpuclnt.dll

dbghelp: loaded successfully - version: 4.0.5 - missing functions: none
symbol engine: initialized successfully - sym options: 0x614 - pdb path: .;C:\Program Files\Android\Android Studio\jbr\bin;C:\WINDOWS\SYSTEM32;C:\WINDOWS\WinSxS\amd64_microsoft.windows.common-controls_6595b64144ccf1df_6.0.26100.6899_none_3e0efeeae32e88c1;C:\Program Files\Android\Android Studio\jbr\bin\server;C:\Users\DELL\.gradle\native\c067742578af261105cb4f569cf0c3c89f3d7b1fecec35dd04571415982c5e48\windows-amd64;C:\Users\DELL\.gradle\native\100fb08df4bc3b14c8652ba06237920a3bd2aa13389f12d3474272988ae205f9\windows-amd64

VM Arguments:
jvm_args: -XX:MaxMetaspaceSize=4G -XX:ReservedCodeCacheSize=512m -XX:+HeapDumpOnOutOfMemoryError --add-opens=java.base/java.util=ALL-UNNAMED --add-opens=java.base/java.lang=ALL-UNNAMED --add-opens=java.base/java.lang.invoke=ALL-UNNAMED --add-opens=java.prefs/java.util.prefs=ALL-UNNAMED --add-exports=jdk.compiler/com.sun.tools.javac.api=ALL-UNNAMED --add-exports=jdk.compiler/com.sun.tools.javac.util=ALL-UNNAMED --add-opens=java.base/java.nio.charset=ALL-UNNAMED --add-opens=java.base/java.net=ALL-UNNAMED --add-opens=java.base/java.util.concurrent.atomic=ALL-UNNAMED -Xmx8G -Dfile.encoding=UTF-8 -Duser.country=IN -Duser.language=en -Duser.variant -javaagent:C:\Users\DELL\.gradle\wrapper\dists\gradle-8.10.2-all\7iv73wktx1xtkvlq19urqw1wm\gradle-8.10.2\lib\agents\gradle-instrumentation-agent-8.10.2.jar 
java_command: org.gradle.launcher.daemon.bootstrap.GradleDaemon 8.10.2
java_class_path (initial): C:\Users\DELL\.gradle\wrapper\dists\gradle-8.10.2-all\7iv73wktx1xtkvlq19urqw1wm\gradle-8.10.2\lib\gradle-daemon-main-8.10.2.jar
Launcher Type: SUN_STANDARD

[Global flags]
     intx CICompilerCount                          = 4                                         {product} {ergonomic}
     uint ConcGCThreads                            = 3                                         {product} {ergonomic}
     uint G1ConcRefinementThreads                  = 10                                        {product} {ergonomic}
   size_t G1HeapRegionSize                         = 4194304                                   {product} {ergonomic}
    uintx GCDrainStackTargetSize                   = 64                                        {product} {ergonomic}
     bool HeapDumpOnOutOfMemoryError               = true                                   {manageable} {command line}
   size_t InitialHeapSize                          = 125829120                                 {product} {ergonomic}
   size_t MarkStackSize                            = 4194304                                   {product} {ergonomic}
   size_t MaxHeapSize                              = 8589934592                                {product} {command line}
   size_t MaxMetaspaceSize                         = 4294967296                                {product} {command line}
   size_t MaxNewSize                               = 5150605312                                {product} {ergonomic}
   size_t MinHeapDeltaBytes                        = 4194304                                   {product} {ergonomic}
   size_t MinHeapSize                              = 8388608                                   {product} {ergonomic}
    uintx NonNMethodCodeHeapSize                   = 5839372                                {pd product} {ergonomic}
    uintx NonProfiledCodeHeapSize                  = 265515770                              {pd product} {ergonomic}
    uintx ProfiledCodeHeapSize                     = 265515770                              {pd product} {ergonomic}
    uintx ReservedCodeCacheSize                    = 536870912                              {pd product} {command line}
     bool SegmentedCodeCache                       = true                                      {product} {ergonomic}
   size_t SoftMaxHeapSize                          = 8589934592                             {manageable} {ergonomic}
     bool UseCompressedOops                        = true                           {product lp64_product} {ergonomic}
     bool UseG1GC                                  = true                                      {product} {ergonomic}
     bool UseLargePagesIndividualAllocation        = false                                  {pd product} {ergonomic}

Logging:
Log output configuration:
 #0: stdout all=warning uptime,level,tags foldmultilines=false
 #1: stderr all=off uptime,level,tags foldmultilines=false

Environment Variables:
JAVA_HOME=C:\Program Files\Android\Android Studio\jbr
CLASSPATH=C:\Users\DELL\Desktop\Flutter projects\YatraSathi\Frontend\android\\gradle\wrapper\gradle-wrapper.jar
PATH=C:\Program Files\Android\Android Studio\jbr\bin;C:\Program Files\Eclipse Adoptium\jdk-21.0.5.11-hotspot\bin;C:\Program Files\Common Files\Oracle\Java\javapath;C:\WINDOWS\system32;C:\WINDOWS;C:\WINDOWS\System32\Wbem;C:\WINDOWS\System32\WindowsPowerShell\v1.0\;C:\WINDOWS\System32\OpenSSH\;C:\Program Files\dotnet\;C:\MinGW\bin;C:\Program Files (x86)\Windows Kits\10\Windows Performance Toolkit\;C:\Program Files\Git\cmd;C:\Program Files\Git\mingw64\bin;C:\Program Files\Git\usr\bin;C:\Program Files (x86)\Microsoft SQL Server\160\Tools\Binn\;C:\Program Files\Microsoft SQL Server\160\Tools\Binn\;C:\Program Files\Microsoft SQL Server\Client SDK\ODBC\170\Tools\Binn\;C:\Program Files\Microsoft SQL Server\160\DTS\Binn\;C:\Program Files (x86)\Microsoft SQL Server\160\DTS\Binn\;C:\Program Files\nodejs\;C:\Program Files\MySQL\MySQL Shell 8.0\bin\;C:\Users\DELL\AppData\Local\Programs\Python\Python313\Scripts\;C:\Users\DELL\AppData\Local\Programs\Python\Python313\;C:\Users\DELL\AppData\Local\Microsoft\WindowsApps;C:\Users\DELL\AppData\Local\Programs\Microsoft VS Code\bin;C:\Users\DELL\Downloads\flutter_windows_3.29.3-stable\flutter\bin;C:\Users\DELL\AppData\Local\Android\Sdk\platform-tools;C:\Users\DELL\AppData\Roaming\npm;C:\Users\DELL\Downloads\flutter_windows_3.29.3-stable\flutter\bin\mingit\cmd
USERNAME=DELL
OS=Windows_NT
PROCESSOR_IDENTIFIER=AMD64 Family 25 Model 80 Stepping 0, AuthenticAMD
TMP=C:\Users\DELL\AppData\Local\Temp
TEMP=C:\Users\DELL\AppData\Local\Temp




Periodic native trim disabled

JNI global refs:
JNI global refs: 28, weak refs: 0

JNI global refs memory usage: 835, weak refs: 201

Process memory usage:
Resident Set Size: 477716K (6% of 7708932K total physical memory with 585320K free physical memory)

OOME stack traces (most recent first):
Classloader memory used:
Loader org.gradle.internal.classloader.VisitableURLClassLoader                         : 47902K
Loader org.gradle.internal.classloader.VisitableURLClassLoader$InstrumentingVisitableURLClassLoader: 46405K
Loader bootstrap                                                                       : 31562K
Loader org.gradle.initialization.MixInLegacyTypesClassLoader                           : 13293K
Loader jdk.internal.loader.ClassLoaders$PlatformClassLoader                            : 527K
Loader jdk.internal.reflect.DelegatingClassLoader                                      : 385K
Loader jdk.internal.loader.ClassLoaders$AppClassLoader                                 : 234K
Loader org.gradle.internal.classloader.VisitableURLClassLoader                         : 217K
Loader org.codehaus.groovy.runtime.callsite.CallSiteClassLoader                        : 211K
Loader org.gradle.groovy.scripts.internal.DefaultScriptCompilationHandler$ScriptClassLoader: 37864B
Loader sun.reflect.misc.MethodUtil                                                     : 2952B


[error occurred during error reporting (Classloader stats), id 0xe0000001, Out of Memory Error (s\src\hotspot\share\memory\arena.cpp:168)]
---------------  S Y S T E M  ---------------

OS:
 Windows 11 , 64 bit Build 26100 (10.0.26100.6725)
OS uptime: 2 days 0:34 hours
Hyper-V role detected

CPU: total 12 (initial active 12) (12 cores per cpu, 2 threads per core) family 25 model 80 stepping 0 microcode 0xa500014, cx8, cmov, fxsr, ht, mmx, 3dnowpref, sse, sse2, sse3, ssse3, sse4a, sse4.1, sse4.2, popcnt, lzcnt, tsc, tscinvbit, avx, avx2, aes, erms, clmul, bmi1, bmi2, adx, sha, fma, vzeroupper, clflush, clflushopt, hv, rdtscp, rdpid, fsrm, f16c, cet_ss
Processor Information for the first 12 processors :
  Max Mhz: 2301, Current Mhz: 2010, Mhz Limit: 2301

Memory: 4k page, system-wide physical 7528M (788M free)
TotalPageFile size 17778M (AvailPageFile size 0M)
current process WorkingSet (physical memory assigned to process): 456M, peak: 714M
current process commit charge ("private bytes"): 810M, peak: 877M

vm_info: OpenJDK 64-Bit Server VM (21.0.6+-13368085-b895.109) for windows-amd64 JRE (21.0.6+-13368085-b895.109), built on 2025-04-16T17:01:31Z by "builder" with MS VC++ 16.10 / 16.11 (VS2019)

END.
